{"/Users/alex/Documents/Workspaces/libp2p/js-libp2p/packages/transport-tcp/src/constants.ts": {"path":"/Users/alex/Documents/Workspaces/libp2p/js-libp2p/packages/transport-tcp/src/constants.ts","all":false,"statementMap":{"0":{"start":{"line":1,"column":0},"end":{"line":1,"column":82}},"1":{"start":{"line":2,"column":0},"end":{"line":2,"column":32}},"2":{"start":{"line":3,"column":0},"end":{"line":3,"column":0}},"3":{"start":{"line":4,"column":0},"end":{"line":4,"column":65}},"4":{"start":{"line":5,"column":0},"end":{"line":5,"column":50}}},"s":{"0":1,"1":1,"2":1,"3":1,"4":1},"branchMap":{},"b":{},"fnMap":{},"f":{}}
,"/Users/alex/Documents/Workspaces/libp2p/js-libp2p/packages/transport-tcp/src/index.ts": {"path":"/Users/alex/Documents/Workspaces/libp2p/js-libp2p/packages/transport-tcp/src/index.ts","all":false,"statementMap":{"0":{"start":{"line":1,"column":0},"end":{"line":1,"column":3}},"1":{"start":{"line":2,"column":0},"end":{"line":2,"column":24}},"2":{"start":{"line":3,"column":0},"end":{"line":3,"column":2}},"3":{"start":{"line":4,"column":0},"end":{"line":4,"column":112}},"4":{"start":{"line":5,"column":0},"end":{"line":5,"column":2}},"5":{"start":{"line":6,"column":0},"end":{"line":6,"column":11}},"6":{"start":{"line":7,"column":0},"end":{"line":7,"column":2}},"7":{"start":{"line":8,"column":0},"end":{"line":8,"column":16}},"8":{"start":{"line":9,"column":0},"end":{"line":9,"column":40}},"9":{"start":{"line":10,"column":0},"end":{"line":10,"column":36}},"10":{"start":{"line":11,"column":0},"end":{"line":11,"column":54}},"11":{"start":{"line":12,"column":0},"end":{"line":12,"column":2}},"12":{"start":{"line":13,"column":0},"end":{"line":13,"column":36}},"13":{"start":{"line":14,"column":0},"end":{"line":14,"column":18}},"14":{"start":{"line":15,"column":0},"end":{"line":15,"column":12}},"15":{"start":{"line":16,"column":0},"end":{"line":16,"column":6}},"16":{"start":{"line":17,"column":0},"end":{"line":17,"column":5}},"17":{"start":{"line":18,"column":0},"end":{"line":18,"column":2}},"18":{"start":{"line":19,"column":0},"end":{"line":19,"column":56}},"19":{"start":{"line":20,"column":0},"end":{"line":20,"column":2}},"20":{"start":{"line":21,"column":0},"end":{"line":21,"column":56}},"21":{"start":{"line":22,"column":0},"end":{"line":22,"column":43}},"22":{"start":{"line":23,"column":0},"end":{"line":23,"column":40}},"23":{"start":{"line":24,"column":0},"end":{"line":24,"column":5}},"24":{"start":{"line":25,"column":0},"end":{"line":25,"column":2}},"25":{"start":{"line":26,"column":0},"end":{"line":26,"column":23}},"26":{"start":{"line":27,"column":0},"end":{"line":27,"column":6}},"27":{"start":{"line":28,"column":0},"end":{"line":28,"column":3}},"28":{"start":{"line":29,"column":0},"end":{"line":29,"column":0}},"29":{"start":{"line":30,"column":0},"end":{"line":30,"column":30}},"30":{"start":{"line":31,"column":0},"end":{"line":31,"column":68}},"31":{"start":{"line":32,"column":0},"end":{"line":32,"column":168}},"32":{"start":{"line":33,"column":0},"end":{"line":33,"column":52}},"33":{"start":{"line":34,"column":0},"end":{"line":34,"column":0}},"34":{"start":{"line":35,"column":0},"end":{"line":35,"column":47}},"35":{"start":{"line":36,"column":0},"end":{"line":36,"column":0}},"36":{"start":{"line":37,"column":0},"end":{"line":37,"column":29}},"37":{"start":{"line":38,"column":0},"end":{"line":38,"column":5}},"38":{"start":{"line":39,"column":0},"end":{"line":39,"column":105}},"39":{"start":{"line":40,"column":0},"end":{"line":40,"column":5}},"40":{"start":{"line":41,"column":0},"end":{"line":41,"column":41}},"41":{"start":{"line":42,"column":0},"end":{"line":42,"column":0}},"42":{"start":{"line":43,"column":0},"end":{"line":43,"column":5}},"43":{"start":{"line":44,"column":0},"end":{"line":44,"column":105}},"44":{"start":{"line":45,"column":0},"end":{"line":45,"column":5}},"45":{"start":{"line":46,"column":0},"end":{"line":46,"column":42}},"46":{"start":{"line":47,"column":0},"end":{"line":47,"column":0}},"47":{"start":{"line":48,"column":0},"end":{"line":48,"column":5}},"48":{"start":{"line":49,"column":0},"end":{"line":49,"column":103}},"49":{"start":{"line":50,"column":0},"end":{"line":50,"column":5}},"50":{"start":{"line":51,"column":0},"end":{"line":51,"column":29}},"51":{"start":{"line":52,"column":0},"end":{"line":52,"column":0}},"52":{"start":{"line":53,"column":0},"end":{"line":53,"column":5}},"53":{"start":{"line":54,"column":0},"end":{"line":54,"column":90}},"54":{"start":{"line":55,"column":0},"end":{"line":55,"column":57}},"55":{"start":{"line":56,"column":0},"end":{"line":56,"column":5}},"56":{"start":{"line":57,"column":0},"end":{"line":57,"column":25}},"57":{"start":{"line":58,"column":0},"end":{"line":58,"column":0}},"58":{"start":{"line":59,"column":0},"end":{"line":59,"column":5}},"59":{"start":{"line":60,"column":0},"end":{"line":60,"column":80}},"60":{"start":{"line":61,"column":0},"end":{"line":61,"column":72}},"61":{"start":{"line":62,"column":0},"end":{"line":62,"column":5}},"62":{"start":{"line":63,"column":0},"end":{"line":63,"column":18}},"63":{"start":{"line":64,"column":0},"end":{"line":64,"column":0}},"64":{"start":{"line":65,"column":0},"end":{"line":65,"column":5}},"65":{"start":{"line":66,"column":0},"end":{"line":66,"column":85}},"66":{"start":{"line":67,"column":0},"end":{"line":67,"column":89}},"67":{"start":{"line":68,"column":0},"end":{"line":68,"column":5}},"68":{"start":{"line":69,"column":0},"end":{"line":69,"column":63}},"69":{"start":{"line":70,"column":0},"end":{"line":70,"column":0}},"70":{"start":{"line":71,"column":0},"end":{"line":71,"column":5}},"71":{"start":{"line":72,"column":0},"end":{"line":72,"column":64}},"72":{"start":{"line":73,"column":0},"end":{"line":73,"column":5}},"73":{"start":{"line":74,"column":0},"end":{"line":74,"column":29}},"74":{"start":{"line":75,"column":0},"end":{"line":75,"column":0}},"75":{"start":{"line":76,"column":0},"end":{"line":76,"column":5}},"76":{"start":{"line":77,"column":0},"end":{"line":77,"column":68}},"77":{"start":{"line":78,"column":0},"end":{"line":78,"column":5}},"78":{"start":{"line":79,"column":0},"end":{"line":79,"column":31}},"79":{"start":{"line":80,"column":0},"end":{"line":80,"column":1}},"80":{"start":{"line":81,"column":0},"end":{"line":81,"column":0}},"81":{"start":{"line":82,"column":0},"end":{"line":82,"column":3}},"82":{"start":{"line":83,"column":0},"end":{"line":83,"column":41}},"83":{"start":{"line":84,"column":0},"end":{"line":84,"column":3}},"84":{"start":{"line":85,"column":0},"end":{"line":85,"column":35}},"85":{"start":{"line":86,"column":0},"end":{"line":86,"column":5}},"86":{"start":{"line":87,"column":0},"end":{"line":87,"column":78}},"87":{"start":{"line":88,"column":0},"end":{"line":88,"column":5}},"88":{"start":{"line":89,"column":0},"end":{"line":89,"column":19}},"89":{"start":{"line":90,"column":0},"end":{"line":90,"column":0}},"90":{"start":{"line":91,"column":0},"end":{"line":91,"column":5}},"91":{"start":{"line":92,"column":0},"end":{"line":92,"column":78}},"92":{"start":{"line":93,"column":0},"end":{"line":93,"column":5}},"93":{"start":{"line":94,"column":0},"end":{"line":94,"column":21}},"94":{"start":{"line":95,"column":0},"end":{"line":95,"column":0}},"95":{"start":{"line":96,"column":0},"end":{"line":96,"column":5}},"96":{"start":{"line":97,"column":0},"end":{"line":97,"column":78}},"97":{"start":{"line":98,"column":0},"end":{"line":98,"column":5}},"98":{"start":{"line":99,"column":0},"end":{"line":99,"column":32}},"99":{"start":{"line":100,"column":0},"end":{"line":100,"column":0}},"100":{"start":{"line":101,"column":0},"end":{"line":101,"column":5}},"101":{"start":{"line":102,"column":0},"end":{"line":102,"column":62}},"102":{"start":{"line":103,"column":0},"end":{"line":103,"column":5}},"103":{"start":{"line":104,"column":0},"end":{"line":104,"column":25}},"104":{"start":{"line":105,"column":0},"end":{"line":105,"column":1}},"105":{"start":{"line":106,"column":0},"end":{"line":106,"column":0}},"106":{"start":{"line":107,"column":0},"end":{"line":107,"column":27}},"107":{"start":{"line":108,"column":0},"end":{"line":108,"column":35}},"108":{"start":{"line":109,"column":0},"end":{"line":109,"column":38}},"109":{"start":{"line":110,"column":0},"end":{"line":110,"column":0}},"110":{"start":{"line":111,"column":0},"end":{"line":111,"column":95}},"111":{"start":{"line":112,"column":0},"end":{"line":112,"column":0}},"112":{"start":{"line":113,"column":0},"end":{"line":113,"column":1}},"113":{"start":{"line":114,"column":0},"end":{"line":114,"column":0}},"114":{"start":{"line":115,"column":0},"end":{"line":115,"column":91}},"115":{"start":{"line":116,"column":0},"end":{"line":116,"column":0}},"116":{"start":{"line":117,"column":0},"end":{"line":117,"column":1}},"117":{"start":{"line":118,"column":0},"end":{"line":118,"column":0}},"118":{"start":{"line":119,"column":0},"end":{"line":119,"column":32}},"119":{"start":{"line":120,"column":0},"end":{"line":120,"column":19}},"120":{"start":{"line":121,"column":0},"end":{"line":121,"column":25}},"121":{"start":{"line":122,"column":0},"end":{"line":122,"column":1}},"122":{"start":{"line":123,"column":0},"end":{"line":123,"column":0}},"123":{"start":{"line":124,"column":0},"end":{"line":124,"column":29}},"124":{"start":{"line":125,"column":0},"end":{"line":125,"column":65}},"125":{"start":{"line":126,"column":0},"end":{"line":126,"column":69}},"126":{"start":{"line":127,"column":0},"end":{"line":127,"column":1}},"127":{"start":{"line":128,"column":0},"end":{"line":128,"column":0}},"128":{"start":{"line":129,"column":0},"end":{"line":129,"column":87}},"129":{"start":{"line":130,"column":0},"end":{"line":130,"column":41}},"130":{"start":{"line":131,"column":0},"end":{"line":131,"column":36}},"131":{"start":{"line":132,"column":0},"end":{"line":132,"column":3}},"132":{"start":{"line":133,"column":0},"end":{"line":133,"column":1}}},"s":{"0":1,"1":1,"2":1,"3":1,"4":1,"5":1,"6":1,"7":1,"8":1,"9":1,"10":1,"11":1,"12":1,"13":1,"14":1,"15":1,"16":1,"17":1,"18":1,"19":1,"20":1,"21":1,"22":1,"23":1,"24":1,"25":1,"26":1,"27":1,"28":1,"29":1,"30":1,"31":1,"32":1,"33":1,"34":1,"35":1,"36":1,"37":1,"38":1,"39":1,"40":1,"41":1,"42":1,"43":1,"44":1,"45":1,"46":1,"47":1,"48":1,"49":1,"50":1,"51":1,"52":1,"53":1,"54":1,"55":1,"56":1,"57":1,"58":1,"59":1,"60":1,"61":1,"62":1,"63":1,"64":1,"65":1,"66":1,"67":1,"68":1,"69":1,"70":1,"71":1,"72":1,"73":1,"74":1,"75":1,"76":1,"77":1,"78":1,"79":1,"80":1,"81":1,"82":1,"83":1,"84":1,"85":1,"86":1,"87":1,"88":1,"89":1,"90":1,"91":1,"92":1,"93":1,"94":1,"95":1,"96":1,"97":1,"98":1,"99":1,"100":1,"101":1,"102":1,"103":1,"104":1,"105":1,"106":1,"107":1,"108":1,"109":1,"110":1,"111":1,"112":1,"113":1,"114":1,"115":1,"116":1,"117":1,"118":1,"119":1,"120":1,"121":1,"122":1,"123":1,"124":1,"125":1,"126":1,"127":1,"128":1,"129":24,"130":24,"131":24,"132":24},"branchMap":{"0":{"type":"branch","line":129,"loc":{"start":{"line":129,"column":6},"end":{"line":133,"column":1}},"locations":[{"start":{"line":129,"column":6},"end":{"line":133,"column":1}}]},"1":{"type":"branch","line":130,"loc":{"start":{"line":130,"column":9},"end":{"line":132,"column":3}},"locations":[{"start":{"line":130,"column":9},"end":{"line":132,"column":3}}]}},"b":{"0":[24],"1":[24]},"fnMap":{"0":{"name":"tcp","decl":{"start":{"line":129,"column":6},"end":{"line":133,"column":1}},"loc":{"start":{"line":129,"column":6},"end":{"line":133,"column":1}},"line":129}},"f":{"0":24}}
,"/Users/alex/Documents/Workspaces/libp2p/js-libp2p/packages/transport-tcp/src/listener.ts": {"path":"/Users/alex/Documents/Workspaces/libp2p/js-libp2p/packages/transport-tcp/src/listener.ts","all":false,"statementMap":{"0":{"start":{"line":1,"column":0},"end":{"line":1,"column":21}},"1":{"start":{"line":2,"column":0},"end":{"line":2,"column":132}},"2":{"start":{"line":3,"column":0},"end":{"line":3,"column":78}},"3":{"start":{"line":4,"column":0},"end":{"line":4,"column":51}},"4":{"start":{"line":5,"column":0},"end":{"line":5,"column":32}},"5":{"start":{"line":6,"column":0},"end":{"line":6,"column":59}},"6":{"start":{"line":7,"column":0},"end":{"line":7,"column":49}},"7":{"start":{"line":8,"column":0},"end":{"line":8,"column":58}},"8":{"start":{"line":9,"column":0},"end":{"line":9,"column":43}},"9":{"start":{"line":10,"column":0},"end":{"line":10,"column":157}},"10":{"start":{"line":11,"column":0},"end":{"line":11,"column":56}},"11":{"start":{"line":12,"column":0},"end":{"line":12,"column":0}},"12":{"start":{"line":13,"column":0},"end":{"line":13,"column":50}},"13":{"start":{"line":14,"column":0},"end":{"line":14,"column":5}},"14":{"start":{"line":15,"column":0},"end":{"line":15,"column":68}},"15":{"start":{"line":16,"column":0},"end":{"line":16,"column":5}},"16":{"start":{"line":17,"column":0},"end":{"line":17,"column":21}},"17":{"start":{"line":18,"column":0},"end":{"line":18,"column":0}},"18":{"start":{"line":19,"column":0},"end":{"line":19,"column":5}},"19":{"start":{"line":20,"column":0},"end":{"line":20,"column":80}},"20":{"start":{"line":21,"column":0},"end":{"line":21,"column":5}},"21":{"start":{"line":22,"column":0},"end":{"line":22,"column":20}},"22":{"start":{"line":23,"column":0},"end":{"line":23,"column":0}},"23":{"start":{"line":24,"column":0},"end":{"line":24,"column":5}},"24":{"start":{"line":25,"column":0},"end":{"line":25,"column":58}},"25":{"start":{"line":26,"column":0},"end":{"line":26,"column":5}},"26":{"start":{"line":27,"column":0},"end":{"line":27,"column":34}},"27":{"start":{"line":28,"column":0},"end":{"line":28,"column":1}},"28":{"start":{"line":29,"column":0},"end":{"line":29,"column":0}},"29":{"start":{"line":30,"column":0},"end":{"line":30,"column":52}},"30":{"start":{"line":31,"column":0},"end":{"line":31,"column":20}},"31":{"start":{"line":32,"column":0},"end":{"line":32,"column":34}},"32":{"start":{"line":33,"column":0},"end":{"line":33,"column":29}},"33":{"start":{"line":34,"column":0},"end":{"line":34,"column":25}},"34":{"start":{"line":35,"column":0},"end":{"line":35,"column":18}},"35":{"start":{"line":36,"column":0},"end":{"line":36,"column":19}},"36":{"start":{"line":37,"column":0},"end":{"line":37,"column":63}},"37":{"start":{"line":38,"column":0},"end":{"line":38,"column":25}},"38":{"start":{"line":39,"column":0},"end":{"line":39,"column":1}},"39":{"start":{"line":40,"column":0},"end":{"line":40,"column":0}},"40":{"start":{"line":41,"column":0},"end":{"line":41,"column":37}},"41":{"start":{"line":42,"column":0},"end":{"line":42,"column":21}},"42":{"start":{"line":43,"column":0},"end":{"line":43,"column":22}},"43":{"start":{"line":44,"column":0},"end":{"line":44,"column":22}},"44":{"start":{"line":45,"column":0},"end":{"line":45,"column":1}},"45":{"start":{"line":46,"column":0},"end":{"line":46,"column":0}},"46":{"start":{"line":47,"column":0},"end":{"line":47,"column":28}},"47":{"start":{"line":48,"column":0},"end":{"line":48,"column":5}},"48":{"start":{"line":49,"column":0},"end":{"line":49,"column":78}},"49":{"start":{"line":50,"column":0},"end":{"line":50,"column":73}},"50":{"start":{"line":51,"column":0},"end":{"line":51,"column":21}},"51":{"start":{"line":52,"column":0},"end":{"line":52,"column":6}},"52":{"start":{"line":53,"column":0},"end":{"line":53,"column":15}},"53":{"start":{"line":54,"column":0},"end":{"line":54,"column":13}},"54":{"start":{"line":55,"column":0},"end":{"line":55,"column":36}},"55":{"start":{"line":56,"column":0},"end":{"line":56,"column":13}},"56":{"start":{"line":57,"column":0},"end":{"line":57,"column":1}},"57":{"start":{"line":58,"column":0},"end":{"line":58,"column":0}},"58":{"start":{"line":59,"column":0},"end":{"line":59,"column":58}},"59":{"start":{"line":60,"column":0},"end":{"line":60,"column":70}},"60":{"start":{"line":61,"column":0},"end":{"line":61,"column":26}},"61":{"start":{"line":62,"column":0},"end":{"line":62,"column":22}},"62":{"start":{"line":63,"column":0},"end":{"line":63,"column":1}},"63":{"start":{"line":64,"column":0},"end":{"line":64,"column":0}},"64":{"start":{"line":65,"column":0},"end":{"line":65,"column":88}},"65":{"start":{"line":66,"column":0},"end":{"line":66,"column":37}},"66":{"start":{"line":67,"column":0},"end":{"line":67,"column":65}},"67":{"start":{"line":68,"column":0},"end":{"line":68,"column":50}},"68":{"start":{"line":69,"column":0},"end":{"line":69,"column":67}},"69":{"start":{"line":70,"column":0},"end":{"line":70,"column":38}},"70":{"start":{"line":71,"column":0},"end":{"line":71,"column":22}},"71":{"start":{"line":72,"column":0},"end":{"line":72,"column":30}},"72":{"start":{"line":73,"column":0},"end":{"line":73,"column":54}},"73":{"start":{"line":74,"column":0},"end":{"line":74,"column":0}},"74":{"start":{"line":75,"column":0},"end":{"line":75,"column":51}},"75":{"start":{"line":76,"column":0},"end":{"line":76,"column":11}},"76":{"start":{"line":77,"column":0},"end":{"line":77,"column":0}},"77":{"start":{"line":78,"column":0},"end":{"line":78,"column":49}},"78":{"start":{"line":79,"column":0},"end":{"line":79,"column":45}},"79":{"start":{"line":80,"column":0},"end":{"line":80,"column":0}},"80":{"start":{"line":81,"column":0},"end":{"line":81,"column":51}},"81":{"start":{"line":82,"column":0},"end":{"line":82,"column":61}},"82":{"start":{"line":83,"column":0},"end":{"line":83,"column":0}},"83":{"start":{"line":84,"column":0},"end":{"line":84,"column":65}},"84":{"start":{"line":85,"column":0},"end":{"line":85,"column":25}},"85":{"start":{"line":86,"column":0},"end":{"line":86,"column":69}},"86":{"start":{"line":87,"column":0},"end":{"line":87,"column":0}},"87":{"start":{"line":88,"column":0},"end":{"line":88,"column":59}},"88":{"start":{"line":89,"column":0},"end":{"line":89,"column":77}},"89":{"start":{"line":90,"column":0},"end":{"line":90,"column":77}},"90":{"start":{"line":91,"column":0},"end":{"line":91,"column":30}},"91":{"start":{"line":92,"column":0},"end":{"line":92,"column":47}},"92":{"start":{"line":93,"column":0},"end":{"line":93,"column":57}},"93":{"start":{"line":94,"column":0},"end":{"line":94,"column":5}},"94":{"start":{"line":95,"column":0},"end":{"line":95,"column":0}},"95":{"start":{"line":96,"column":0},"end":{"line":96,"column":54}},"96":{"start":{"line":97,"column":0},"end":{"line":97,"column":29}},"97":{"start":{"line":98,"column":0},"end":{"line":98,"column":109}},"98":{"start":{"line":99,"column":0},"end":{"line":99,"column":77}},"99":{"start":{"line":100,"column":0},"end":{"line":100,"column":7}},"100":{"start":{"line":101,"column":0},"end":{"line":101,"column":5}},"101":{"start":{"line":102,"column":0},"end":{"line":102,"column":0}},"102":{"start":{"line":103,"column":0},"end":{"line":103,"column":15}},"103":{"start":{"line":104,"column":0},"end":{"line":104,"column":30}},"104":{"start":{"line":105,"column":0},"end":{"line":105,"column":38}},"105":{"start":{"line":106,"column":0},"end":{"line":106,"column":60}},"106":{"start":{"line":107,"column":0},"end":{"line":107,"column":47}},"107":{"start":{"line":108,"column":0},"end":{"line":108,"column":0}},"108":{"start":{"line":109,"column":0},"end":{"line":109,"column":32}},"109":{"start":{"line":110,"column":0},"end":{"line":110,"column":33}},"110":{"start":{"line":111,"column":0},"end":{"line":111,"column":51}},"111":{"start":{"line":112,"column":0},"end":{"line":112,"column":26}},"112":{"start":{"line":113,"column":0},"end":{"line":113,"column":31}},"113":{"start":{"line":114,"column":0},"end":{"line":114,"column":18}},"114":{"start":{"line":115,"column":0},"end":{"line":115,"column":60}},"115":{"start":{"line":116,"column":0},"end":{"line":116,"column":11}},"116":{"start":{"line":117,"column":0},"end":{"line":117,"column":0}},"117":{"start":{"line":118,"column":0},"end":{"line":118,"column":88}},"118":{"start":{"line":119,"column":0},"end":{"line":119,"column":29}},"119":{"start":{"line":120,"column":0},"end":{"line":120,"column":63}},"120":{"start":{"line":121,"column":0},"end":{"line":121,"column":30}},"121":{"start":{"line":122,"column":0},"end":{"line":122,"column":22}},"122":{"start":{"line":123,"column":0},"end":{"line":123,"column":46}},"123":{"start":{"line":124,"column":0},"end":{"line":124,"column":15}},"124":{"start":{"line":125,"column":0},"end":{"line":125,"column":13}},"125":{"start":{"line":126,"column":0},"end":{"line":126,"column":12}},"126":{"start":{"line":127,"column":0},"end":{"line":127,"column":0}},"127":{"start":{"line":128,"column":0},"end":{"line":128,"column":26}},"128":{"start":{"line":129,"column":0},"end":{"line":129,"column":92}},"129":{"start":{"line":130,"column":0},"end":{"line":130,"column":31}},"130":{"start":{"line":131,"column":0},"end":{"line":131,"column":63}},"131":{"start":{"line":132,"column":0},"end":{"line":132,"column":15}},"132":{"start":{"line":133,"column":0},"end":{"line":133,"column":93}},"133":{"start":{"line":134,"column":0},"end":{"line":134,"column":31}},"134":{"start":{"line":135,"column":0},"end":{"line":135,"column":64}},"135":{"start":{"line":136,"column":0},"end":{"line":136,"column":15}},"136":{"start":{"line":137,"column":0},"end":{"line":137,"column":93}},"137":{"start":{"line":138,"column":0},"end":{"line":138,"column":31}},"138":{"start":{"line":139,"column":0},"end":{"line":139,"column":64}},"139":{"start":{"line":140,"column":0},"end":{"line":140,"column":14}},"140":{"start":{"line":141,"column":0},"end":{"line":141,"column":11}},"141":{"start":{"line":142,"column":0},"end":{"line":142,"column":0}},"142":{"start":{"line":143,"column":0},"end":{"line":143,"column":39}},"143":{"start":{"line":144,"column":0},"end":{"line":144,"column":53}},"144":{"start":{"line":145,"column":0},"end":{"line":145,"column":12}},"145":{"start":{"line":146,"column":0},"end":{"line":146,"column":9}},"146":{"start":{"line":147,"column":0},"end":{"line":147,"column":0}},"147":{"start":{"line":148,"column":0},"end":{"line":148,"column":43}},"148":{"start":{"line":149,"column":0},"end":{"line":149,"column":8}},"149":{"start":{"line":150,"column":0},"end":{"line":150,"column":27}},"150":{"start":{"line":151,"column":0},"end":{"line":151,"column":79}},"151":{"start":{"line":152,"column":0},"end":{"line":152,"column":56}},"152":{"start":{"line":153,"column":0},"end":{"line":153,"column":8}},"153":{"start":{"line":154,"column":0},"end":{"line":154,"column":26}},"154":{"start":{"line":155,"column":0},"end":{"line":155,"column":37}},"155":{"start":{"line":156,"column":0},"end":{"line":156,"column":39}},"156":{"start":{"line":157,"column":0},"end":{"line":157,"column":10}},"157":{"start":{"line":158,"column":0},"end":{"line":158,"column":0}},"158":{"start":{"line":159,"column":0},"end":{"line":159,"column":74}},"159":{"start":{"line":160,"column":0},"end":{"line":160,"column":75}},"160":{"start":{"line":161,"column":0},"end":{"line":161,"column":77}},"161":{"start":{"line":162,"column":0},"end":{"line":162,"column":55}},"162":{"start":{"line":163,"column":0},"end":{"line":163,"column":64}},"163":{"start":{"line":164,"column":0},"end":{"line":164,"column":41}},"164":{"start":{"line":165,"column":0},"end":{"line":165,"column":9}},"165":{"start":{"line":166,"column":0},"end":{"line":166,"column":8}},"166":{"start":{"line":167,"column":0},"end":{"line":167,"column":25}},"167":{"start":{"line":168,"column":0},"end":{"line":168,"column":71}},"168":{"start":{"line":169,"column":0},"end":{"line":169,"column":8}},"169":{"start":{"line":170,"column":0},"end":{"line":170,"column":3}},"170":{"start":{"line":171,"column":0},"end":{"line":171,"column":0}},"171":{"start":{"line":172,"column":0},"end":{"line":172,"column":47}},"172":{"start":{"line":173,"column":0},"end":{"line":173,"column":73}},"173":{"start":{"line":174,"column":0},"end":{"line":174,"column":0}},"174":{"start":{"line":175,"column":0},"end":{"line":175,"column":60}},"175":{"start":{"line":176,"column":0},"end":{"line":176,"column":22}},"176":{"start":{"line":177,"column":0},"end":{"line":177,"column":62}},"177":{"start":{"line":178,"column":0},"end":{"line":178,"column":5}},"178":{"start":{"line":179,"column":0},"end":{"line":179,"column":0}},"179":{"start":{"line":180,"column":0},"end":{"line":180,"column":35}},"180":{"start":{"line":181,"column":0},"end":{"line":181,"column":9}},"181":{"start":{"line":182,"column":0},"end":{"line":182,"column":46}},"182":{"start":{"line":183,"column":0},"end":{"line":183,"column":49}},"183":{"start":{"line":184,"column":0},"end":{"line":184,"column":70}},"184":{"start":{"line":185,"column":0},"end":{"line":185,"column":60}},"185":{"start":{"line":186,"column":0},"end":{"line":186,"column":38}},"186":{"start":{"line":187,"column":0},"end":{"line":187,"column":38}},"187":{"start":{"line":188,"column":0},"end":{"line":188,"column":36}},"188":{"start":{"line":189,"column":0},"end":{"line":189,"column":28}},"189":{"start":{"line":190,"column":0},"end":{"line":190,"column":8}},"190":{"start":{"line":191,"column":0},"end":{"line":191,"column":24}},"191":{"start":{"line":192,"column":0},"end":{"line":192,"column":54}},"192":{"start":{"line":193,"column":0},"end":{"line":193,"column":86}},"193":{"start":{"line":194,"column":0},"end":{"line":194,"column":22}},"194":{"start":{"line":195,"column":0},"end":{"line":195,"column":12}},"195":{"start":{"line":196,"column":0},"end":{"line":196,"column":5}},"196":{"start":{"line":197,"column":0},"end":{"line":197,"column":0}},"197":{"start":{"line":198,"column":0},"end":{"line":198,"column":60}},"198":{"start":{"line":199,"column":0},"end":{"line":199,"column":28}},"199":{"start":{"line":200,"column":0},"end":{"line":200,"column":0}},"200":{"start":{"line":201,"column":0},"end":{"line":201,"column":50}},"201":{"start":{"line":202,"column":0},"end":{"line":202,"column":44}},"202":{"start":{"line":203,"column":0},"end":{"line":203,"column":6}},"203":{"start":{"line":204,"column":0},"end":{"line":204,"column":19}},"204":{"start":{"line":205,"column":0},"end":{"line":205,"column":69}},"205":{"start":{"line":206,"column":0},"end":{"line":206,"column":0}},"206":{"start":{"line":207,"column":0},"end":{"line":207,"column":36}},"207":{"start":{"line":208,"column":0},"end":{"line":208,"column":37}},"208":{"start":{"line":209,"column":0},"end":{"line":209,"column":0}},"209":{"start":{"line":210,"column":0},"end":{"line":210,"column":14}},"210":{"start":{"line":211,"column":0},"end":{"line":211,"column":63}},"211":{"start":{"line":212,"column":0},"end":{"line":212,"column":84}},"212":{"start":{"line":213,"column":0},"end":{"line":213,"column":13}},"213":{"start":{"line":214,"column":0},"end":{"line":214,"column":73}},"214":{"start":{"line":215,"column":0},"end":{"line":215,"column":74}},"215":{"start":{"line":216,"column":0},"end":{"line":216,"column":73}},"216":{"start":{"line":217,"column":0},"end":{"line":217,"column":71}},"217":{"start":{"line":218,"column":0},"end":{"line":218,"column":66}},"218":{"start":{"line":219,"column":0},"end":{"line":219,"column":61}},"219":{"start":{"line":220,"column":0},"end":{"line":220,"column":38}},"220":{"start":{"line":221,"column":0},"end":{"line":221,"column":102}},"221":{"start":{"line":222,"column":0},"end":{"line":222,"column":83}},"222":{"start":{"line":223,"column":0},"end":{"line":223,"column":14}},"223":{"start":{"line":224,"column":0},"end":{"line":224,"column":11}},"224":{"start":{"line":225,"column":0},"end":{"line":225,"column":10}},"225":{"start":{"line":226,"column":0},"end":{"line":226,"column":0}},"226":{"start":{"line":227,"column":0},"end":{"line":227,"column":12}},"227":{"start":{"line":228,"column":0},"end":{"line":228,"column":61}},"228":{"start":{"line":229,"column":0},"end":{"line":229,"column":82}},"229":{"start":{"line":230,"column":0},"end":{"line":230,"column":11}},"230":{"start":{"line":231,"column":0},"end":{"line":231,"column":22}},"231":{"start":{"line":232,"column":0},"end":{"line":232,"column":9}},"232":{"start":{"line":233,"column":0},"end":{"line":233,"column":8}},"233":{"start":{"line":234,"column":0},"end":{"line":234,"column":27}},"234":{"start":{"line":235,"column":0},"end":{"line":235,"column":64}},"235":{"start":{"line":236,"column":0},"end":{"line":236,"column":82}},"236":{"start":{"line":237,"column":0},"end":{"line":237,"column":35}},"237":{"start":{"line":238,"column":0},"end":{"line":238,"column":25}},"238":{"start":{"line":239,"column":0},"end":{"line":239,"column":8}},"239":{"start":{"line":240,"column":0},"end":{"line":240,"column":3}},"240":{"start":{"line":241,"column":0},"end":{"line":241,"column":0}},"241":{"start":{"line":242,"column":0},"end":{"line":242,"column":28}},"242":{"start":{"line":243,"column":0},"end":{"line":243,"column":62}},"243":{"start":{"line":244,"column":0},"end":{"line":244,"column":15}},"244":{"start":{"line":245,"column":0},"end":{"line":245,"column":5}},"245":{"start":{"line":246,"column":0},"end":{"line":246,"column":0}},"246":{"start":{"line":247,"column":0},"end":{"line":247,"column":41}},"247":{"start":{"line":248,"column":0},"end":{"line":248,"column":0}},"248":{"start":{"line":249,"column":0},"end":{"line":249,"column":26}},"249":{"start":{"line":250,"column":0},"end":{"line":250,"column":15}},"250":{"start":{"line":251,"column":0},"end":{"line":251,"column":5}},"251":{"start":{"line":252,"column":0},"end":{"line":252,"column":0}},"252":{"start":{"line":253,"column":0},"end":{"line":253,"column":38}},"253":{"start":{"line":254,"column":0},"end":{"line":254,"column":14}},"254":{"start":{"line":255,"column":0},"end":{"line":255,"column":96}},"255":{"start":{"line":256,"column":0},"end":{"line":256,"column":37}},"256":{"start":{"line":257,"column":0},"end":{"line":257,"column":7}},"257":{"start":{"line":258,"column":0},"end":{"line":258,"column":5}},"258":{"start":{"line":259,"column":0},"end":{"line":259,"column":0}},"259":{"start":{"line":260,"column":0},"end":{"line":260,"column":73}},"260":{"start":{"line":261,"column":0},"end":{"line":261,"column":3}},"261":{"start":{"line":262,"column":0},"end":{"line":262,"column":0}},"262":{"start":{"line":263,"column":0},"end":{"line":263,"column":32}},"263":{"start":{"line":264,"column":0},"end":{"line":264,"column":0}},"264":{"start":{"line":265,"column":0},"end":{"line":265,"column":3}},"265":{"start":{"line":266,"column":0},"end":{"line":266,"column":0}},"266":{"start":{"line":267,"column":0},"end":{"line":267,"column":47}},"267":{"start":{"line":268,"column":0},"end":{"line":268,"column":113}},"268":{"start":{"line":269,"column":0},"end":{"line":269,"column":66}},"269":{"start":{"line":270,"column":0},"end":{"line":270,"column":5}},"270":{"start":{"line":271,"column":0},"end":{"line":271,"column":0}},"271":{"start":{"line":272,"column":0},"end":{"line":272,"column":9}},"272":{"start":{"line":273,"column":0},"end":{"line":273,"column":21}},"273":{"start":{"line":274,"column":0},"end":{"line":274,"column":43}},"274":{"start":{"line":275,"column":0},"end":{"line":275,"column":26}},"275":{"start":{"line":276,"column":0},"end":{"line":276,"column":57}},"276":{"start":{"line":277,"column":0},"end":{"line":277,"column":7}},"277":{"start":{"line":278,"column":0},"end":{"line":278,"column":0}},"278":{"start":{"line":279,"column":0},"end":{"line":279,"column":25}},"279":{"start":{"line":280,"column":0},"end":{"line":280,"column":19}},"280":{"start":{"line":281,"column":0},"end":{"line":281,"column":60}},"281":{"start":{"line":282,"column":0},"end":{"line":282,"column":15}},"282":{"start":{"line":283,"column":0},"end":{"line":283,"column":5}},"283":{"start":{"line":284,"column":0},"end":{"line":284,"column":3}},"284":{"start":{"line":285,"column":0},"end":{"line":285,"column":0}},"285":{"start":{"line":286,"column":0},"end":{"line":286,"column":33}},"286":{"start":{"line":287,"column":0},"end":{"line":287,"column":43}},"287":{"start":{"line":288,"column":0},"end":{"line":288,"column":0}},"288":{"start":{"line":289,"column":0},"end":{"line":289,"column":32}},"289":{"start":{"line":290,"column":0},"end":{"line":290,"column":47}},"290":{"start":{"line":291,"column":0},"end":{"line":291,"column":5}},"291":{"start":{"line":292,"column":0},"end":{"line":292,"column":0}},"292":{"start":{"line":293,"column":0},"end":{"line":293,"column":47}},"293":{"start":{"line":294,"column":0},"end":{"line":294,"column":20}},"294":{"start":{"line":295,"column":0},"end":{"line":295,"column":0}},"295":{"start":{"line":296,"column":0},"end":{"line":296,"column":47}},"296":{"start":{"line":297,"column":0},"end":{"line":297,"column":35}},"297":{"start":{"line":298,"column":0},"end":{"line":298,"column":0}},"298":{"start":{"line":299,"column":0},"end":{"line":299,"column":78}},"299":{"start":{"line":300,"column":0},"end":{"line":300,"column":75}},"300":{"start":{"line":301,"column":0},"end":{"line":301,"column":36}},"301":{"start":{"line":302,"column":0},"end":{"line":302,"column":28}},"302":{"start":{"line":303,"column":0},"end":{"line":303,"column":44}},"303":{"start":{"line":304,"column":0},"end":{"line":304,"column":24}},"304":{"start":{"line":305,"column":0},"end":{"line":305,"column":7}},"305":{"start":{"line":306,"column":0},"end":{"line":306,"column":6}},"306":{"start":{"line":307,"column":0},"end":{"line":307,"column":0}},"307":{"start":{"line":308,"column":0},"end":{"line":308,"column":29}},"308":{"start":{"line":309,"column":0},"end":{"line":309,"column":3}},"309":{"start":{"line":310,"column":0},"end":{"line":310,"column":0}},"310":{"start":{"line":311,"column":0},"end":{"line":311,"column":5}},"311":{"start":{"line":312,"column":0},"end":{"line":312,"column":50}},"312":{"start":{"line":313,"column":0},"end":{"line":313,"column":5}},"313":{"start":{"line":314,"column":0},"end":{"line":314,"column":42}},"314":{"start":{"line":315,"column":0},"end":{"line":315,"column":87}},"315":{"start":{"line":316,"column":0},"end":{"line":316,"column":12}},"316":{"start":{"line":317,"column":0},"end":{"line":317,"column":5}},"317":{"start":{"line":318,"column":0},"end":{"line":318,"column":0}},"318":{"start":{"line":319,"column":0},"end":{"line":319,"column":43}},"319":{"start":{"line":320,"column":0},"end":{"line":320,"column":0}},"320":{"start":{"line":321,"column":0},"end":{"line":321,"column":50}},"321":{"start":{"line":322,"column":0},"end":{"line":322,"column":76}},"322":{"start":{"line":323,"column":0},"end":{"line":323,"column":51}},"323":{"start":{"line":324,"column":0},"end":{"line":324,"column":39}},"324":{"start":{"line":325,"column":0},"end":{"line":325,"column":44}},"325":{"start":{"line":326,"column":0},"end":{"line":326,"column":6}},"326":{"start":{"line":327,"column":0},"end":{"line":327,"column":0}},"327":{"start":{"line":328,"column":0},"end":{"line":328,"column":72}},"328":{"start":{"line":329,"column":0},"end":{"line":329,"column":54}},"329":{"start":{"line":330,"column":0},"end":{"line":330,"column":3}},"330":{"start":{"line":331,"column":0},"end":{"line":331,"column":0}},"331":{"start":{"line":332,"column":0},"end":{"line":332,"column":52}},"332":{"start":{"line":333,"column":0},"end":{"line":333,"column":99}},"333":{"start":{"line":334,"column":0},"end":{"line":334,"column":60}},"334":{"start":{"line":335,"column":0},"end":{"line":335,"column":12}},"335":{"start":{"line":336,"column":0},"end":{"line":336,"column":5}},"336":{"start":{"line":337,"column":0},"end":{"line":337,"column":0}},"337":{"start":{"line":338,"column":0},"end":{"line":338,"column":86}},"338":{"start":{"line":339,"column":0},"end":{"line":339,"column":12}},"339":{"start":{"line":340,"column":0},"end":{"line":340,"column":5}},"340":{"start":{"line":341,"column":0},"end":{"line":341,"column":0}},"341":{"start":{"line":342,"column":0},"end":{"line":342,"column":59}},"342":{"start":{"line":343,"column":0},"end":{"line":343,"column":0}},"343":{"start":{"line":344,"column":0},"end":{"line":344,"column":82}},"344":{"start":{"line":345,"column":0},"end":{"line":345,"column":113}},"345":{"start":{"line":346,"column":0},"end":{"line":346,"column":151}},"346":{"start":{"line":347,"column":0},"end":{"line":347,"column":78}},"347":{"start":{"line":348,"column":0},"end":{"line":348,"column":6}},"348":{"start":{"line":349,"column":0},"end":{"line":349,"column":100}},"349":{"start":{"line":350,"column":0},"end":{"line":350,"column":49}},"350":{"start":{"line":351,"column":0},"end":{"line":351,"column":0}},"351":{"start":{"line":352,"column":0},"end":{"line":352,"column":68}},"352":{"start":{"line":353,"column":0},"end":{"line":353,"column":86}},"353":{"start":{"line":354,"column":0},"end":{"line":354,"column":76}},"354":{"start":{"line":355,"column":0},"end":{"line":355,"column":74}},"355":{"start":{"line":356,"column":0},"end":{"line":356,"column":0}},"356":{"start":{"line":357,"column":0},"end":{"line":357,"column":86}},"357":{"start":{"line":358,"column":0},"end":{"line":358,"column":44}},"358":{"start":{"line":359,"column":0},"end":{"line":359,"column":127}},"359":{"start":{"line":360,"column":0},"end":{"line":360,"column":0}},"360":{"start":{"line":361,"column":0},"end":{"line":361,"column":80}},"361":{"start":{"line":362,"column":0},"end":{"line":362,"column":77}},"362":{"start":{"line":363,"column":0},"end":{"line":363,"column":77}},"363":{"start":{"line":364,"column":0},"end":{"line":364,"column":31}},"364":{"start":{"line":365,"column":0},"end":{"line":365,"column":23}},"365":{"start":{"line":366,"column":0},"end":{"line":366,"column":3}},"366":{"start":{"line":367,"column":0},"end":{"line":367,"column":1}}},"s":{"0":1,"1":1,"2":1,"3":1,"4":1,"5":1,"6":1,"7":1,"8":1,"9":1,"10":1,"11":1,"12":1,"13":1,"14":1,"15":1,"16":1,"17":1,"18":1,"19":1,"20":1,"21":1,"22":1,"23":1,"24":1,"25":1,"26":1,"27":1,"28":1,"29":1,"30":1,"31":1,"32":1,"33":1,"34":1,"35":1,"36":1,"37":1,"38":1,"39":1,"40":1,"41":1,"42":1,"43":1,"44":1,"45":1,"46":1,"47":1,"48":1,"49":1,"50":1,"51":1,"52":1,"53":1,"54":1,"55":1,"56":1,"57":1,"58":1,"59":1,"60":1,"61":1,"62":1,"63":1,"64":1,"65":24,"66":24,"67":24,"68":24,"69":24,"70":24,"71":24,"72":24,"73":24,"74":24,"75":24,"76":24,"77":24,"78":24,"79":24,"80":24,"81":24,"82":24,"83":24,"84":24,"85":24,"86":24,"87":24,"88":24,"89":24,"90":24,"91":24,"92":1,"93":1,"94":24,"95":24,"96":4,"97":4,"98":0,"99":0,"100":4,"101":24,"102":24,"103":24,"104":25,"105":0,"106":0,"107":0,"108":0,"109":0,"110":0,"111":0,"112":0,"113":0,"114":0,"115":0,"116":0,"117":0,"118":0,"119":0,"120":0,"121":0,"122":0,"123":0,"124":0,"125":0,"126":0,"127":0,"128":0,"129":0,"130":0,"131":0,"132":0,"133":0,"134":0,"135":0,"136":0,"137":0,"138":0,"139":0,"140":0,"141":0,"142":0,"143":0,"144":0,"145":0,"146":25,"147":25,"148":24,"149":24,"150":1,"151":1,"152":24,"153":24,"154":23,"155":23,"156":23,"157":23,"158":23,"159":23,"160":23,"161":23,"162":23,"163":23,"164":23,"165":24,"166":24,"167":2,"168":24,"169":24,"170":24,"171":24,"172":21,"173":21,"174":21,"175":0,"176":0,"177":0,"178":21,"179":21,"180":21,"181":21,"182":21,"183":21,"184":21,"185":21,"186":21,"187":21,"188":21,"189":21,"190":21,"191":0,"192":0,"193":0,"194":0,"195":0,"196":21,"197":21,"198":21,"199":21,"200":21,"201":21,"202":21,"203":21,"204":19,"205":19,"206":19,"207":19,"208":19,"209":19,"210":19,"211":14,"212":19,"213":9,"214":9,"215":9,"216":9,"217":9,"218":9,"219":9,"220":0,"221":0,"222":9,"223":9,"224":19,"225":19,"226":19,"227":19,"228":14,"229":19,"230":5,"231":5,"232":21,"233":21,"234":0,"235":0,"236":0,"237":0,"238":21,"239":21,"240":24,"241":24,"242":10,"243":0,"244":0,"245":10,"246":10,"247":10,"248":10,"249":0,"250":0,"251":10,"252":10,"253":0,"254":0,"255":0,"256":0,"257":0,"258":10,"259":10,"260":10,"261":24,"262":24,"263":0,"264":0,"265":24,"266":24,"267":24,"268":0,"269":0,"270":24,"271":24,"272":24,"273":24,"274":24,"275":24,"276":24,"277":24,"278":24,"279":24,"280":1,"281":1,"282":1,"283":24,"284":24,"285":24,"286":23,"287":23,"288":23,"289":20,"290":20,"291":23,"292":23,"293":23,"294":23,"295":23,"296":23,"297":23,"298":23,"299":23,"300":23,"301":17,"302":17,"303":17,"304":17,"305":23,"306":23,"307":23,"308":23,"309":24,"310":24,"311":24,"312":24,"313":24,"314":33,"315":7,"316":7,"317":26,"318":26,"319":26,"320":26,"321":26,"322":26,"323":26,"324":26,"325":26,"326":25,"327":25,"328":25,"329":25,"330":24,"331":24,"332":28,"333":3,"334":3,"335":3,"336":25,"337":28,"338":0,"339":0,"340":25,"341":25,"342":25,"343":25,"344":25,"345":25,"346":25,"347":25,"348":25,"349":25,"350":25,"351":25,"352":25,"353":25,"354":25,"355":25,"356":25,"357":25,"358":28,"359":28,"360":28,"361":28,"362":28,"363":28,"364":28,"365":28,"366":24},"branchMap":{"0":{"type":"branch","line":47,"loc":{"start":{"line":47,"column":0},"end":{"line":57,"column":1}},"locations":[{"start":{"line":47,"column":0},"end":{"line":57,"column":1}}]},"1":{"type":"branch","line":65,"loc":{"start":{"line":65,"column":66},"end":{"line":367,"column":1}},"locations":[{"start":{"line":65,"column":66},"end":{"line":367,"column":1}}]},"2":{"type":"branch","line":75,"loc":{"start":{"line":75,"column":2},"end":{"line":170,"column":3}},"locations":[{"start":{"line":75,"column":2},"end":{"line":170,"column":3}}]},"3":{"type":"branch","line":92,"loc":{"start":{"line":92,"column":46},"end":{"line":94,"column":5}},"locations":[{"start":{"line":92,"column":46},"end":{"line":94,"column":5}}]},"4":{"type":"branch","line":96,"loc":{"start":{"line":96,"column":53},"end":{"line":101,"column":5}},"locations":[{"start":{"line":96,"column":53},"end":{"line":101,"column":5}}]},"5":{"type":"branch","line":98,"loc":{"start":{"line":98,"column":108},"end":{"line":100,"column":7}},"locations":[{"start":{"line":98,"column":108},"end":{"line":100,"column":7}}]},"6":{"type":"branch","line":104,"loc":{"start":{"line":104,"column":23},"end":{"line":149,"column":7}},"locations":[{"start":{"line":104,"column":23},"end":{"line":149,"column":7}}]},"7":{"type":"branch","line":105,"loc":{"start":{"line":105,"column":37},"end":{"line":146,"column":9}},"locations":[{"start":{"line":105,"column":37},"end":{"line":146,"column":9}}]},"8":{"type":"branch","line":150,"loc":{"start":{"line":150,"column":19},"end":{"line":153,"column":7}},"locations":[{"start":{"line":150,"column":19},"end":{"line":153,"column":7}}]},"9":{"type":"branch","line":151,"loc":{"start":{"line":151,"column":20},"end":{"line":151,"column":28}},"locations":[{"start":{"line":151,"column":20},"end":{"line":151,"column":28}}]},"10":{"type":"branch","line":154,"loc":{"start":{"line":154,"column":19},"end":{"line":166,"column":7}},"locations":[{"start":{"line":154,"column":19},"end":{"line":166,"column":7}}]},"11":{"type":"branch","line":155,"loc":{"start":{"line":155,"column":20},"end":{"line":155,"column":28}},"locations":[{"start":{"line":155,"column":20},"end":{"line":155,"column":28}}]},"12":{"type":"branch","line":167,"loc":{"start":{"line":167,"column":18},"end":{"line":169,"column":7}},"locations":[{"start":{"line":167,"column":18},"end":{"line":169,"column":7}}]},"13":{"type":"branch","line":168,"loc":{"start":{"line":168,"column":20},"end":{"line":168,"column":28}},"locations":[{"start":{"line":168,"column":20},"end":{"line":168,"column":28}}]},"14":{"type":"branch","line":172,"loc":{"start":{"line":172,"column":10},"end":{"line":240,"column":3}},"locations":[{"start":{"line":172,"column":10},"end":{"line":240,"column":3}}]},"15":{"type":"branch","line":173,"loc":{"start":{"line":173,"column":16},"end":{"line":173,"column":24}},"locations":[{"start":{"line":173,"column":16},"end":{"line":173,"column":24}}]},"16":{"type":"branch","line":175,"loc":{"start":{"line":175,"column":59},"end":{"line":178,"column":5}},"locations":[{"start":{"line":175,"column":59},"end":{"line":178,"column":5}}]},"17":{"type":"branch","line":186,"loc":{"start":{"line":186,"column":29},"end":{"line":186,"column":37}},"locations":[{"start":{"line":186,"column":29},"end":{"line":186,"column":37}}]},"18":{"type":"branch","line":191,"loc":{"start":{"line":191,"column":6},"end":{"line":196,"column":5}},"locations":[{"start":{"line":191,"column":6},"end":{"line":196,"column":5}}]},"19":{"type":"branch","line":204,"loc":{"start":{"line":204,"column":12},"end":{"line":233,"column":7}},"locations":[{"start":{"line":204,"column":12},"end":{"line":233,"column":7}}]},"20":{"type":"branch","line":228,"loc":{"start":{"line":228,"column":58},"end":{"line":229,"column":82}},"locations":[{"start":{"line":228,"column":58},"end":{"line":229,"column":82}}]},"21":{"type":"branch","line":230,"loc":{"start":{"line":230,"column":10},"end":{"line":232,"column":9}},"locations":[{"start":{"line":230,"column":10},"end":{"line":232,"column":9}}]},"22":{"type":"branch","line":207,"loc":{"start":{"line":207,"column":29},"end":{"line":225,"column":9}},"locations":[{"start":{"line":207,"column":29},"end":{"line":225,"column":9}}]},"23":{"type":"branch","line":211,"loc":{"start":{"line":211,"column":60},"end":{"line":212,"column":84}},"locations":[{"start":{"line":211,"column":60},"end":{"line":212,"column":84}}]},"24":{"type":"branch","line":213,"loc":{"start":{"line":213,"column":12},"end":{"line":224,"column":11}},"locations":[{"start":{"line":213,"column":12},"end":{"line":224,"column":11}}]},"25":{"type":"branch","line":242,"loc":{"start":{"line":242,"column":2},"end":{"line":261,"column":3}},"locations":[{"start":{"line":242,"column":2},"end":{"line":261,"column":3}}]},"26":{"type":"branch","line":243,"loc":{"start":{"line":243,"column":61},"end":{"line":245,"column":5}},"locations":[{"start":{"line":243,"column":61},"end":{"line":245,"column":5}}]},"27":{"type":"branch","line":249,"loc":{"start":{"line":249,"column":25},"end":{"line":251,"column":5}},"locations":[{"start":{"line":249,"column":25},"end":{"line":251,"column":5}}]},"28":{"type":"branch","line":253,"loc":{"start":{"line":253,"column":37},"end":{"line":258,"column":5}},"locations":[{"start":{"line":253,"column":37},"end":{"line":258,"column":5}}]},"29":{"type":"branch","line":267,"loc":{"start":{"line":267,"column":2},"end":{"line":284,"column":3}},"locations":[{"start":{"line":267,"column":2},"end":{"line":284,"column":3}}]},"30":{"type":"branch","line":268,"loc":{"start":{"line":268,"column":112},"end":{"line":270,"column":5}},"locations":[{"start":{"line":268,"column":112},"end":{"line":270,"column":5}}]},"31":{"type":"branch","line":280,"loc":{"start":{"line":280,"column":-1},"end":{"line":280,"column":13}},"locations":[{"start":{"line":280,"column":-1},"end":{"line":280,"column":13}}]},"32":{"type":"branch","line":280,"loc":{"start":{"line":280,"column":6},"end":{"line":283,"column":5}},"locations":[{"start":{"line":280,"column":6},"end":{"line":283,"column":5}}]},"33":{"type":"branch","line":286,"loc":{"start":{"line":286,"column":2},"end":{"line":309,"column":3}},"locations":[{"start":{"line":286,"column":2},"end":{"line":309,"column":3}}]},"34":{"type":"branch","line":289,"loc":{"start":{"line":289,"column":31},"end":{"line":291,"column":5}},"locations":[{"start":{"line":289,"column":31},"end":{"line":291,"column":5}}]},"35":{"type":"branch","line":301,"loc":{"start":{"line":301,"column":25},"end":{"line":306,"column":5}},"locations":[{"start":{"line":301,"column":25},"end":{"line":306,"column":5}}]},"36":{"type":"branch","line":314,"loc":{"start":{"line":314,"column":10},"end":{"line":330,"column":3}},"locations":[{"start":{"line":314,"column":10},"end":{"line":330,"column":3}}]},"37":{"type":"branch","line":315,"loc":{"start":{"line":315,"column":86},"end":{"line":317,"column":5}},"locations":[{"start":{"line":315,"column":86},"end":{"line":317,"column":5}}]},"38":{"type":"branch","line":318,"loc":{"start":{"line":318,"column":-1},"end":{"line":326,"column":6}},"locations":[{"start":{"line":318,"column":-1},"end":{"line":326,"column":6}}]},"39":{"type":"branch","line":327,"loc":{"start":{"line":327,"column":-1},"end":{"line":330,"column":3}},"locations":[{"start":{"line":327,"column":-1},"end":{"line":330,"column":3}}]},"40":{"type":"branch","line":321,"loc":{"start":{"line":321,"column":28},"end":{"line":326,"column":5}},"locations":[{"start":{"line":321,"column":28},"end":{"line":326,"column":5}}]},"41":{"type":"branch","line":332,"loc":{"start":{"line":332,"column":10},"end":{"line":366,"column":3}},"locations":[{"start":{"line":332,"column":10},"end":{"line":366,"column":3}}]},"42":{"type":"branch","line":333,"loc":{"start":{"line":333,"column":30},"end":{"line":333,"column":83}},"locations":[{"start":{"line":333,"column":30},"end":{"line":333,"column":83}}]},"43":{"type":"branch","line":333,"loc":{"start":{"line":333,"column":83},"end":{"line":333,"column":96}},"locations":[{"start":{"line":333,"column":83},"end":{"line":333,"column":96}}]},"44":{"type":"branch","line":333,"loc":{"start":{"line":333,"column":98},"end":{"line":336,"column":5}},"locations":[{"start":{"line":333,"column":98},"end":{"line":336,"column":5}}]},"45":{"type":"branch","line":337,"loc":{"start":{"line":337,"column":-1},"end":{"line":338,"column":83}},"locations":[{"start":{"line":337,"column":-1},"end":{"line":338,"column":83}}]},"46":{"type":"branch","line":338,"loc":{"start":{"line":338,"column":85},"end":{"line":340,"column":5}},"locations":[{"start":{"line":338,"column":85},"end":{"line":340,"column":5}}]},"47":{"type":"branch","line":341,"loc":{"start":{"line":341,"column":-1},"end":{"line":359,"column":28}},"locations":[{"start":{"line":341,"column":-1},"end":{"line":359,"column":28}}]},"48":{"type":"branch","line":359,"loc":{"start":{"line":359,"column":28},"end":{"line":359,"column":70}},"locations":[{"start":{"line":359,"column":28},"end":{"line":359,"column":70}}]},"49":{"type":"branch","line":359,"loc":{"start":{"line":359,"column":71},"end":{"line":359,"column":127}},"locations":[{"start":{"line":359,"column":71},"end":{"line":359,"column":127}}]}},"b":{"0":[1],"1":[24],"2":[24],"3":[1],"4":[4],"5":[0],"6":[25],"7":[0],"8":[1],"9":[0],"10":[23],"11":[0],"12":[2],"13":[0],"14":[21],"15":[0],"16":[0],"17":[0],"18":[0],"19":[19],"20":[14],"21":[5],"22":[19],"23":[14],"24":[9],"25":[10],"26":[0],"27":[0],"28":[0],"29":[24],"30":[0],"31":[23],"32":[1],"33":[23],"34":[20],"35":[17],"36":[33],"37":[7],"38":[26],"39":[25],"40":[26],"41":[28],"42":[3],"43":[3],"44":[3],"45":[25],"46":[0],"47":[25],"48":[20],"49":[5]},"fnMap":{"0":{"name":"<instance_members_initializer>","decl":{"start":{"line":65,"column":66},"end":{"line":367,"column":1}},"loc":{"start":{"line":65,"column":66},"end":{"line":367,"column":1}},"line":65},"1":{"name":"TCPListener","decl":{"start":{"line":75,"column":2},"end":{"line":170,"column":3}},"loc":{"start":{"line":75,"column":2},"end":{"line":170,"column":3}},"line":75},"2":{"name":"calculate","decl":{"start":{"line":121,"column":23},"end":{"line":125,"column":13}},"loc":{"start":{"line":121,"column":23},"end":{"line":125,"column":13}},"line":121},"3":{"name":"onSocket","decl":{"start":{"line":172,"column":10},"end":{"line":240,"column":3}},"loc":{"start":{"line":172,"column":10},"end":{"line":240,"column":3}},"line":172},"4":{"name":"getAddrs","decl":{"start":{"line":242,"column":2},"end":{"line":261,"column":3}},"loc":{"start":{"line":242,"column":2},"end":{"line":261,"column":3}},"line":242},"5":{"name":"updateAnnounceAddrs","decl":{"start":{"line":263,"column":2},"end":{"line":265,"column":3}},"loc":{"start":{"line":263,"column":2},"end":{"line":265,"column":3}},"line":263},"6":{"name":"listen","decl":{"start":{"line":267,"column":2},"end":{"line":284,"column":3}},"loc":{"start":{"line":267,"column":2},"end":{"line":284,"column":3}},"line":267},"7":{"name":"close","decl":{"start":{"line":286,"column":2},"end":{"line":309,"column":3}},"loc":{"start":{"line":286,"column":2},"end":{"line":309,"column":3}},"line":286},"8":{"name":"resume","decl":{"start":{"line":314,"column":10},"end":{"line":330,"column":3}},"loc":{"start":{"line":314,"column":10},"end":{"line":330,"column":3}},"line":314},"9":{"name":"status","decl":{"start":{"line":321,"column":28},"end":{"line":326,"column":5}},"loc":{"start":{"line":321,"column":28},"end":{"line":326,"column":5}},"line":321},"10":{"name":"pause","decl":{"start":{"line":332,"column":10},"end":{"line":366,"column":3}},"loc":{"start":{"line":332,"column":10},"end":{"line":366,"column":3}},"line":332}},"f":{"0":24,"1":24,"2":0,"3":21,"4":10,"5":0,"6":24,"7":23,"8":33,"9":26,"10":28}}
,"/Users/alex/Documents/Workspaces/libp2p/js-libp2p/packages/transport-tcp/src/socket-to-conn.ts": {"path":"/Users/alex/Documents/Workspaces/libp2p/js-libp2p/packages/transport-tcp/src/socket-to-conn.ts","all":false,"statementMap":{"0":{"start":{"line":1,"column":0},"end":{"line":1,"column":72}},"1":{"start":{"line":2,"column":0},"end":{"line":2,"column":85}},"2":{"start":{"line":3,"column":0},"end":{"line":3,"column":28}},"3":{"start":{"line":4,"column":0},"end":{"line":4,"column":38}},"4":{"start":{"line":5,"column":0},"end":{"line":5,"column":37}},"5":{"start":{"line":6,"column":0},"end":{"line":6,"column":62}},"6":{"start":{"line":7,"column":0},"end":{"line":7,"column":49}},"7":{"start":{"line":8,"column":0},"end":{"line":8,"column":91}},"8":{"start":{"line":9,"column":0},"end":{"line":9,"column":70}},"9":{"start":{"line":10,"column":0},"end":{"line":10,"column":33}},"10":{"start":{"line":11,"column":0},"end":{"line":11,"column":46}},"11":{"start":{"line":12,"column":0},"end":{"line":12,"column":0}},"12":{"start":{"line":13,"column":0},"end":{"line":13,"column":31}},"13":{"start":{"line":14,"column":0},"end":{"line":14,"column":27}},"14":{"start":{"line":15,"column":0},"end":{"line":15,"column":24}},"15":{"start":{"line":16,"column":0},"end":{"line":16,"column":23}},"16":{"start":{"line":17,"column":0},"end":{"line":17,"column":34}},"17":{"start":{"line":18,"column":0},"end":{"line":18,"column":29}},"18":{"start":{"line":19,"column":0},"end":{"line":19,"column":24}},"19":{"start":{"line":20,"column":0},"end":{"line":20,"column":23}},"20":{"start":{"line":21,"column":0},"end":{"line":21,"column":25}},"21":{"start":{"line":22,"column":0},"end":{"line":22,"column":35}},"22":{"start":{"line":23,"column":0},"end":{"line":23,"column":1}},"23":{"start":{"line":24,"column":0},"end":{"line":24,"column":0}},"24":{"start":{"line":25,"column":0},"end":{"line":25,"column":3}},"25":{"start":{"line":26,"column":0},"end":{"line":26,"column":46}},"26":{"start":{"line":27,"column":0},"end":{"line":27,"column":68}},"27":{"start":{"line":28,"column":0},"end":{"line":28,"column":3}},"28":{"start":{"line":29,"column":0},"end":{"line":29,"column":109}},"29":{"start":{"line":30,"column":0},"end":{"line":30,"column":41}},"30":{"start":{"line":31,"column":0},"end":{"line":31,"column":62}},"31":{"start":{"line":32,"column":0},"end":{"line":32,"column":37}},"32":{"start":{"line":33,"column":0},"end":{"line":33,"column":33}},"33":{"start":{"line":34,"column":0},"end":{"line":34,"column":49}},"34":{"start":{"line":35,"column":0},"end":{"line":35,"column":77}},"35":{"start":{"line":36,"column":0},"end":{"line":36,"column":66}},"36":{"start":{"line":37,"column":0},"end":{"line":37,"column":22}},"37":{"start":{"line":38,"column":0},"end":{"line":38,"column":21}},"38":{"start":{"line":39,"column":0},"end":{"line":39,"column":0}},"39":{"start":{"line":40,"column":0},"end":{"line":40,"column":45}},"40":{"start":{"line":41,"column":0},"end":{"line":41,"column":49}},"41":{"start":{"line":42,"column":0},"end":{"line":42,"column":46}},"42":{"start":{"line":43,"column":0},"end":{"line":43,"column":3}},"43":{"start":{"line":44,"column":0},"end":{"line":44,"column":0}},"44":{"start":{"line":45,"column":0},"end":{"line":45,"column":46}},"45":{"start":{"line":46,"column":0},"end":{"line":46,"column":42}},"46":{"start":{"line":47,"column":0},"end":{"line":47,"column":3}},"47":{"start":{"line":48,"column":0},"end":{"line":48,"column":0}},"48":{"start":{"line":49,"column":0},"end":{"line":49,"column":25}},"49":{"start":{"line":50,"column":0},"end":{"line":50,"column":29}},"50":{"start":{"line":51,"column":0},"end":{"line":51,"column":18}},"51":{"start":{"line":52,"column":0},"end":{"line":52,"column":0}},"52":{"start":{"line":53,"column":0},"end":{"line":53,"column":20}},"53":{"start":{"line":54,"column":0},"end":{"line":54,"column":55}},"54":{"start":{"line":55,"column":0},"end":{"line":55,"column":60}},"55":{"start":{"line":56,"column":0},"end":{"line":56,"column":5}},"56":{"start":{"line":57,"column":0},"end":{"line":57,"column":0}},"57":{"start":{"line":58,"column":0},"end":{"line":58,"column":20}},"58":{"start":{"line":59,"column":0},"end":{"line":59,"column":38}},"59":{"start":{"line":60,"column":0},"end":{"line":60,"column":4}},"60":{"start":{"line":61,"column":0},"end":{"line":61,"column":0}},"61":{"start":{"line":62,"column":0},"end":{"line":62,"column":27}},"62":{"start":{"line":63,"column":0},"end":{"line":63,"column":0}},"63":{"start":{"line":64,"column":0},"end":{"line":64,"column":35}},"64":{"start":{"line":65,"column":0},"end":{"line":65,"column":35}},"65":{"start":{"line":66,"column":0},"end":{"line":66,"column":10}},"66":{"start":{"line":67,"column":0},"end":{"line":67,"column":68}},"67":{"start":{"line":68,"column":0},"end":{"line":68,"column":99}},"68":{"start":{"line":69,"column":0},"end":{"line":69,"column":83}},"69":{"start":{"line":70,"column":0},"end":{"line":70,"column":84}},"70":{"start":{"line":71,"column":0},"end":{"line":71,"column":5}},"71":{"start":{"line":72,"column":0},"end":{"line":72,"column":0}},"72":{"start":{"line":73,"column":0},"end":{"line":73,"column":69}},"73":{"start":{"line":74,"column":0},"end":{"line":74,"column":3}},"74":{"start":{"line":75,"column":0},"end":{"line":75,"column":0}},"75":{"start":{"line":76,"column":0},"end":{"line":76,"column":48}},"76":{"start":{"line":77,"column":0},"end":{"line":77,"column":74}},"77":{"start":{"line":78,"column":0},"end":{"line":78,"column":41}},"78":{"start":{"line":79,"column":0},"end":{"line":79,"column":0}},"79":{"start":{"line":80,"column":0},"end":{"line":80,"column":35}},"80":{"start":{"line":81,"column":0},"end":{"line":81,"column":92}},"81":{"start":{"line":82,"column":0},"end":{"line":82,"column":38}},"82":{"start":{"line":83,"column":0},"end":{"line":83,"column":0}},"83":{"start":{"line":84,"column":0},"end":{"line":84,"column":32}},"84":{"start":{"line":85,"column":0},"end":{"line":85,"column":19}},"85":{"start":{"line":86,"column":0},"end":{"line":86,"column":57}},"86":{"start":{"line":87,"column":0},"end":{"line":87,"column":60}},"87":{"start":{"line":88,"column":0},"end":{"line":88,"column":0}},"88":{"start":{"line":89,"column":0},"end":{"line":89,"column":86}},"89":{"start":{"line":90,"column":0},"end":{"line":90,"column":75}},"90":{"start":{"line":91,"column":0},"end":{"line":91,"column":38}},"91":{"start":{"line":92,"column":0},"end":{"line":92,"column":38}},"92":{"start":{"line":93,"column":0},"end":{"line":93,"column":4}},"93":{"start":{"line":94,"column":0},"end":{"line":94,"column":0}},"94":{"start":{"line":95,"column":0},"end":{"line":95,"column":30}},"95":{"start":{"line":96,"column":0},"end":{"line":96,"column":35}},"96":{"start":{"line":97,"column":0},"end":{"line":97,"column":32}},"97":{"start":{"line":98,"column":0},"end":{"line":98,"column":52}},"98":{"start":{"line":99,"column":0},"end":{"line":99,"column":60}},"99":{"start":{"line":100,"column":0},"end":{"line":100,"column":5}},"100":{"start":{"line":101,"column":0},"end":{"line":101,"column":0}},"101":{"start":{"line":102,"column":0},"end":{"line":102,"column":60}},"102":{"start":{"line":103,"column":0},"end":{"line":103,"column":70}},"103":{"start":{"line":104,"column":0},"end":{"line":104,"column":15}},"104":{"start":{"line":105,"column":0},"end":{"line":105,"column":20}},"105":{"start":{"line":106,"column":0},"end":{"line":106,"column":38}},"106":{"start":{"line":107,"column":0},"end":{"line":107,"column":4}},"107":{"start":{"line":108,"column":0},"end":{"line":108,"column":0}},"108":{"start":{"line":109,"column":0},"end":{"line":109,"column":28}},"109":{"start":{"line":110,"column":0},"end":{"line":110,"column":73}},"110":{"start":{"line":111,"column":0},"end":{"line":111,"column":71}},"111":{"start":{"line":112,"column":0},"end":{"line":112,"column":48}},"112":{"start":{"line":113,"column":0},"end":{"line":113,"column":56}},"113":{"start":{"line":114,"column":0},"end":{"line":114,"column":4}},"114":{"start":{"line":115,"column":0},"end":{"line":115,"column":0}},"115":{"start":{"line":116,"column":0},"end":{"line":116,"column":39}},"116":{"start":{"line":117,"column":0},"end":{"line":117,"column":25}},"117":{"start":{"line":118,"column":0},"end":{"line":118,"column":11}},"118":{"start":{"line":119,"column":0},"end":{"line":119,"column":41}},"119":{"start":{"line":120,"column":0},"end":{"line":120,"column":43}},"120":{"start":{"line":121,"column":0},"end":{"line":121,"column":44}},"121":{"start":{"line":122,"column":0},"end":{"line":122,"column":23}},"122":{"start":{"line":123,"column":0},"end":{"line":123,"column":20}},"123":{"start":{"line":124,"column":0},"end":{"line":124,"column":34}},"124":{"start":{"line":125,"column":0},"end":{"line":125,"column":13}},"125":{"start":{"line":126,"column":0},"end":{"line":126,"column":11}},"126":{"start":{"line":127,"column":0},"end":{"line":127,"column":13}},"127":{"start":{"line":128,"column":0},"end":{"line":128,"column":26}},"128":{"start":{"line":129,"column":0},"end":{"line":129,"column":42}},"129":{"start":{"line":130,"column":0},"end":{"line":130,"column":37}},"130":{"start":{"line":131,"column":0},"end":{"line":131,"column":81}},"131":{"start":{"line":132,"column":0},"end":{"line":132,"column":63}},"132":{"start":{"line":133,"column":0},"end":{"line":133,"column":81}},"133":{"start":{"line":134,"column":0},"end":{"line":134,"column":73}},"134":{"start":{"line":135,"column":0},"end":{"line":135,"column":9}},"135":{"start":{"line":136,"column":0},"end":{"line":136,"column":7}},"136":{"start":{"line":137,"column":0},"end":{"line":137,"column":0}},"137":{"start":{"line":138,"column":0},"end":{"line":138,"column":55}},"138":{"start":{"line":139,"column":0},"end":{"line":139,"column":18}},"139":{"start":{"line":140,"column":0},"end":{"line":140,"column":6}},"140":{"start":{"line":141,"column":0},"end":{"line":141,"column":0}},"141":{"start":{"line":142,"column":0},"end":{"line":142,"column":11}},"142":{"start":{"line":143,"column":0},"end":{"line":143,"column":0}},"143":{"start":{"line":144,"column":0},"end":{"line":144,"column":86}},"144":{"start":{"line":145,"column":0},"end":{"line":145,"column":15}},"145":{"start":{"line":146,"column":0},"end":{"line":146,"column":0}},"146":{"start":{"line":147,"column":0},"end":{"line":147,"column":35}},"147":{"start":{"line":148,"column":0},"end":{"line":148,"column":0}},"148":{"start":{"line":149,"column":0},"end":{"line":149,"column":46}},"149":{"start":{"line":150,"column":0},"end":{"line":150,"column":26}},"150":{"start":{"line":151,"column":0},"end":{"line":151,"column":70}},"151":{"start":{"line":152,"column":0},"end":{"line":152,"column":14}},"152":{"start":{"line":153,"column":0},"end":{"line":153,"column":7}},"153":{"start":{"line":154,"column":0},"end":{"line":154,"column":0}},"154":{"start":{"line":155,"column":0},"end":{"line":155,"column":29}},"155":{"start":{"line":156,"column":0},"end":{"line":156,"column":73}},"156":{"start":{"line":157,"column":0},"end":{"line":157,"column":14}},"157":{"start":{"line":158,"column":0},"end":{"line":158,"column":7}},"158":{"start":{"line":159,"column":0},"end":{"line":159,"column":0}},"159":{"start":{"line":160,"column":0},"end":{"line":160,"column":33}},"160":{"start":{"line":161,"column":0},"end":{"line":161,"column":35}},"161":{"start":{"line":162,"column":0},"end":{"line":162,"column":7}},"162":{"start":{"line":163,"column":0},"end":{"line":163,"column":0}},"163":{"start":{"line":164,"column":0},"end":{"line":164,"column":11}},"164":{"start":{"line":165,"column":0},"end":{"line":165,"column":31}},"165":{"start":{"line":166,"column":0},"end":{"line":166,"column":0}},"166":{"start":{"line":167,"column":0},"end":{"line":167,"column":39}},"167":{"start":{"line":168,"column":0},"end":{"line":168,"column":20}},"168":{"start":{"line":169,"column":0},"end":{"line":169,"column":0}},"169":{"start":{"line":170,"column":0},"end":{"line":170,"column":46}},"170":{"start":{"line":171,"column":0},"end":{"line":171,"column":55}},"171":{"start":{"line":172,"column":0},"end":{"line":172,"column":0}},"172":{"start":{"line":173,"column":0},"end":{"line":173,"column":38}},"173":{"start":{"line":174,"column":0},"end":{"line":174,"column":74}},"174":{"start":{"line":175,"column":0},"end":{"line":175,"column":0}},"175":{"start":{"line":176,"column":0},"end":{"line":176,"column":46}},"176":{"start":{"line":177,"column":0},"end":{"line":177,"column":40}},"177":{"start":{"line":178,"column":0},"end":{"line":178,"column":59}},"178":{"start":{"line":179,"column":0},"end":{"line":179,"column":57}},"179":{"start":{"line":180,"column":0},"end":{"line":180,"column":31}},"180":{"start":{"line":181,"column":0},"end":{"line":181,"column":12}},"181":{"start":{"line":182,"column":0},"end":{"line":182,"column":58}},"182":{"start":{"line":183,"column":0},"end":{"line":183,"column":9}},"183":{"start":{"line":184,"column":0},"end":{"line":184,"column":0}},"184":{"start":{"line":185,"column":0},"end":{"line":185,"column":27}},"185":{"start":{"line":186,"column":0},"end":{"line":186,"column":51}},"186":{"start":{"line":187,"column":0},"end":{"line":187,"column":31}},"187":{"start":{"line":188,"column":0},"end":{"line":188,"column":13}},"188":{"start":{"line":189,"column":0},"end":{"line":189,"column":0}},"189":{"start":{"line":190,"column":0},"end":{"line":190,"column":63}},"190":{"start":{"line":191,"column":0},"end":{"line":191,"column":26}},"191":{"start":{"line":192,"column":0},"end":{"line":192,"column":10}},"192":{"start":{"line":193,"column":0},"end":{"line":193,"column":26}},"193":{"start":{"line":194,"column":0},"end":{"line":194,"column":23}},"194":{"start":{"line":195,"column":0},"end":{"line":195,"column":17}},"195":{"start":{"line":196,"column":0},"end":{"line":196,"column":30}},"196":{"start":{"line":197,"column":0},"end":{"line":197,"column":7}},"197":{"start":{"line":198,"column":0},"end":{"line":198,"column":6}},"198":{"start":{"line":199,"column":0},"end":{"line":199,"column":0}},"199":{"start":{"line":200,"column":0},"end":{"line":200,"column":28}},"200":{"start":{"line":201,"column":0},"end":{"line":201,"column":75}},"201":{"start":{"line":202,"column":0},"end":{"line":202,"column":0}},"202":{"start":{"line":203,"column":0},"end":{"line":203,"column":79}},"203":{"start":{"line":204,"column":0},"end":{"line":204,"column":22}},"204":{"start":{"line":205,"column":0},"end":{"line":205,"column":0}},"205":{"start":{"line":206,"column":0},"end":{"line":206,"column":78}},"206":{"start":{"line":207,"column":0},"end":{"line":207,"column":78}},"207":{"start":{"line":208,"column":0},"end":{"line":208,"column":75}},"208":{"start":{"line":209,"column":0},"end":{"line":209,"column":17}},"209":{"start":{"line":210,"column":0},"end":{"line":210,"column":40}},"210":{"start":{"line":211,"column":0},"end":{"line":211,"column":6}},"211":{"start":{"line":212,"column":0},"end":{"line":212,"column":0}},"212":{"start":{"line":213,"column":0},"end":{"line":213,"column":7}},"213":{"start":{"line":214,"column":0},"end":{"line":214,"column":3}},"214":{"start":{"line":215,"column":0},"end":{"line":215,"column":0}},"215":{"start":{"line":216,"column":0},"end":{"line":216,"column":15}},"216":{"start":{"line":217,"column":0},"end":{"line":217,"column":1}},"217":{"start":{"line":218,"column":0},"end":{"line":218,"column":0}},"218":{"start":{"line":219,"column":0},"end":{"line":219,"column":55}},"219":{"start":{"line":220,"column":0},"end":{"line":220,"column":23}},"220":{"start":{"line":221,"column":0},"end":{"line":221,"column":47}},"221":{"start":{"line":222,"column":0},"end":{"line":222,"column":31}},"222":{"start":{"line":223,"column":0},"end":{"line":223,"column":6}},"223":{"start":{"line":224,"column":0},"end":{"line":224,"column":50}},"224":{"start":{"line":225,"column":0},"end":{"line":225,"column":34}},"225":{"start":{"line":226,"column":0},"end":{"line":226,"column":5}},"226":{"start":{"line":227,"column":0},"end":{"line":227,"column":3}},"227":{"start":{"line":228,"column":0},"end":{"line":228,"column":0}},"228":{"start":{"line":229,"column":0},"end":{"line":229,"column":44}},"229":{"start":{"line":230,"column":0},"end":{"line":230,"column":20}},"230":{"start":{"line":231,"column":0},"end":{"line":231,"column":1}}},"s":{"0":1,"1":1,"2":1,"3":1,"4":1,"5":1,"6":1,"7":1,"8":1,"9":1,"10":1,"11":1,"12":1,"13":1,"14":1,"15":1,"16":1,"17":1,"18":1,"19":1,"20":1,"21":1,"22":1,"23":1,"24":1,"25":1,"26":1,"27":1,"28":1,"29":38,"30":38,"31":38,"32":38,"33":38,"34":38,"35":38,"36":38,"37":38,"38":38,"39":38,"40":38,"41":1,"42":1,"43":38,"44":38,"45":2,"46":2,"47":38,"48":38,"49":38,"50":8,"51":8,"52":8,"53":4,"54":4,"55":4,"56":8,"57":8,"58":8,"59":38,"60":38,"61":38,"62":38,"63":38,"64":9,"65":38,"66":29,"67":0,"68":0,"69":0,"70":0,"71":29,"72":29,"73":29,"74":38,"75":38,"76":38,"77":38,"78":38,"79":38,"80":38,"81":38,"82":38,"83":38,"84":4,"85":4,"86":4,"87":4,"88":4,"89":4,"90":4,"91":4,"92":38,"93":38,"94":38,"95":38,"96":38,"97":30,"98":30,"99":30,"100":38,"101":38,"102":38,"103":38,"104":38,"105":38,"106":38,"107":38,"108":38,"109":9,"110":9,"111":9,"112":9,"113":38,"114":38,"115":38,"116":38,"117":1,"118":1,"119":1,"120":1,"121":1,"122":1,"123":0,"124":0,"125":1,"126":1,"127":1,"128":0,"129":0,"130":0,"131":0,"132":0,"133":0,"134":0,"135":0,"136":1,"137":1,"138":1,"139":38,"140":38,"141":38,"142":38,"143":38,"144":38,"145":38,"146":38,"147":38,"148":38,"149":6,"150":0,"151":0,"152":0,"153":6,"154":6,"155":0,"156":0,"157":0,"158":6,"159":6,"160":2,"161":2,"162":4,"163":4,"164":4,"165":4,"166":4,"167":4,"168":4,"169":4,"170":4,"171":4,"172":4,"173":6,"174":6,"175":6,"176":6,"177":1,"178":1,"179":1,"180":1,"181":0,"182":0,"183":3,"184":3,"185":3,"186":3,"187":3,"188":3,"189":3,"190":3,"191":3,"192":6,"193":1,"194":6,"195":4,"196":4,"197":38,"198":38,"199":38,"200":1,"201":1,"202":1,"203":1,"204":1,"205":1,"206":1,"207":1,"208":1,"209":1,"210":38,"211":38,"212":38,"213":38,"214":38,"215":38,"216":38,"217":1,"218":4,"219":4,"220":4,"221":8,"222":4,"223":4,"224":8,"225":8,"226":4,"227":4,"228":4,"229":4,"230":4},"branchMap":{"0":{"type":"branch","line":29,"loc":{"start":{"line":29,"column":37},"end":{"line":217,"column":1}},"locations":[{"start":{"line":29,"column":37},"end":{"line":217,"column":1}}]},"1":{"type":"branch","line":34,"loc":{"start":{"line":34,"column":43},"end":{"line":34,"column":49}},"locations":[{"start":{"line":34,"column":43},"end":{"line":34,"column":49}}]},"2":{"type":"branch","line":35,"loc":{"start":{"line":35,"column":59},"end":{"line":35,"column":77}},"locations":[{"start":{"line":35,"column":59},"end":{"line":35,"column":77}}]},"3":{"type":"branch","line":36,"loc":{"start":{"line":36,"column":49},"end":{"line":36,"column":66}},"locations":[{"start":{"line":36,"column":49},"end":{"line":36,"column":66}}]},"4":{"type":"branch","line":41,"loc":{"start":{"line":41,"column":27},"end":{"line":41,"column":36}},"locations":[{"start":{"line":41,"column":27},"end":{"line":41,"column":36}}]},"5":{"type":"branch","line":41,"loc":{"start":{"line":41,"column":48},"end":{"line":43,"column":3}},"locations":[{"start":{"line":41,"column":48},"end":{"line":43,"column":3}}]},"6":{"type":"branch","line":45,"loc":{"start":{"line":45,"column":24},"end":{"line":45,"column":33}},"locations":[{"start":{"line":45,"column":24},"end":{"line":45,"column":33}}]},"7":{"type":"branch","line":45,"loc":{"start":{"line":45,"column":45},"end":{"line":47,"column":3}},"locations":[{"start":{"line":45,"column":45},"end":{"line":47,"column":3}}]},"8":{"type":"branch","line":64,"loc":{"start":{"line":64,"column":34},"end":{"line":66,"column":3}},"locations":[{"start":{"line":64,"column":34},"end":{"line":66,"column":3}}]},"9":{"type":"branch","line":66,"loc":{"start":{"line":66,"column":3},"end":{"line":74,"column":3}},"locations":[{"start":{"line":66,"column":3},"end":{"line":74,"column":3}}]},"10":{"type":"branch","line":67,"loc":{"start":{"line":67,"column":67},"end":{"line":71,"column":5}},"locations":[{"start":{"line":67,"column":67},"end":{"line":71,"column":5}}]},"11":{"type":"branch","line":77,"loc":{"start":{"line":77,"column":29},"end":{"line":77,"column":74}},"locations":[{"start":{"line":77,"column":29},"end":{"line":77,"column":74}}]},"12":{"type":"branch","line":77,"loc":{"start":{"line":77,"column":46},"end":{"line":77,"column":52}},"locations":[{"start":{"line":77,"column":46},"end":{"line":77,"column":52}}]},"13":{"type":"branch","line":77,"loc":{"start":{"line":77,"column":66},"end":{"line":77,"column":72}},"locations":[{"start":{"line":77,"column":66},"end":{"line":77,"column":72}}]},"14":{"type":"branch","line":50,"loc":{"start":{"line":50,"column":21},"end":{"line":60,"column":3}},"locations":[{"start":{"line":50,"column":21},"end":{"line":60,"column":3}}]},"15":{"type":"branch","line":53,"loc":{"start":{"line":53,"column":19},"end":{"line":56,"column":5}},"locations":[{"start":{"line":53,"column":19},"end":{"line":56,"column":5}}]},"16":{"type":"branch","line":55,"loc":{"start":{"line":55,"column":13},"end":{"line":55,"column":24}},"locations":[{"start":{"line":55,"column":13},"end":{"line":55,"column":24}}]},"17":{"type":"branch","line":84,"loc":{"start":{"line":84,"column":25},"end":{"line":93,"column":3}},"locations":[{"start":{"line":84,"column":25},"end":{"line":93,"column":3}}]},"18":{"type":"branch","line":87,"loc":{"start":{"line":87,"column":11},"end":{"line":87,"column":22}},"locations":[{"start":{"line":87,"column":11},"end":{"line":87,"column":22}}]},"19":{"type":"branch","line":95,"loc":{"start":{"line":95,"column":23},"end":{"line":107,"column":3}},"locations":[{"start":{"line":95,"column":23},"end":{"line":107,"column":3}}]},"20":{"type":"branch","line":97,"loc":{"start":{"line":97,"column":17},"end":{"line":97,"column":29}},"locations":[{"start":{"line":97,"column":17},"end":{"line":97,"column":29}}]},"21":{"type":"branch","line":97,"loc":{"start":{"line":97,"column":31},"end":{"line":100,"column":5}},"locations":[{"start":{"line":97,"column":31},"end":{"line":100,"column":5}}]},"22":{"type":"branch","line":99,"loc":{"start":{"line":99,"column":13},"end":{"line":99,"column":24}},"locations":[{"start":{"line":99,"column":13},"end":{"line":99,"column":24}}]},"23":{"type":"branch","line":109,"loc":{"start":{"line":109,"column":21},"end":{"line":114,"column":3}},"locations":[{"start":{"line":109,"column":21},"end":{"line":114,"column":3}}]},"24":{"type":"branch","line":113,"loc":{"start":{"line":113,"column":11},"end":{"line":113,"column":22}},"locations":[{"start":{"line":113,"column":11},"end":{"line":113,"column":22}}]},"25":{"type":"branch","line":117,"loc":{"start":{"line":117,"column":4},"end":{"line":140,"column":5}},"locations":[{"start":{"line":117,"column":4},"end":{"line":140,"column":5}}]},"26":{"type":"branch","line":128,"loc":{"start":{"line":128,"column":8},"end":{"line":136,"column":7}},"locations":[{"start":{"line":128,"column":8},"end":{"line":136,"column":7}}]},"27":{"type":"branch","line":119,"loc":{"start":{"line":119,"column":20},"end":{"line":127,"column":9}},"locations":[{"start":{"line":119,"column":20},"end":{"line":127,"column":9}}]},"28":{"type":"branch","line":123,"loc":{"start":{"line":123,"column":13},"end":{"line":125,"column":13}},"locations":[{"start":{"line":123,"column":13},"end":{"line":125,"column":13}}]},"29":{"type":"branch","line":149,"loc":{"start":{"line":149,"column":4},"end":{"line":198,"column":5}},"locations":[{"start":{"line":149,"column":4},"end":{"line":198,"column":5}}]},"30":{"type":"branch","line":150,"loc":{"start":{"line":150,"column":25},"end":{"line":153,"column":7}},"locations":[{"start":{"line":150,"column":25},"end":{"line":153,"column":7}}]},"31":{"type":"branch","line":155,"loc":{"start":{"line":155,"column":28},"end":{"line":158,"column":7}},"locations":[{"start":{"line":155,"column":28},"end":{"line":158,"column":7}}]},"32":{"type":"branch","line":160,"loc":{"start":{"line":160,"column":32},"end":{"line":162,"column":7}},"locations":[{"start":{"line":160,"column":32},"end":{"line":162,"column":7}}]},"33":{"type":"branch","line":163,"loc":{"start":{"line":163,"column":-1},"end":{"line":174,"column":41}},"locations":[{"start":{"line":163,"column":-1},"end":{"line":174,"column":41}}]},"34":{"type":"branch","line":174,"loc":{"start":{"line":174,"column":37},"end":{"line":174,"column":74}},"locations":[{"start":{"line":174,"column":37},"end":{"line":174,"column":74}}]},"35":{"type":"branch","line":177,"loc":{"start":{"line":177,"column":39},"end":{"line":183,"column":9}},"locations":[{"start":{"line":177,"column":39},"end":{"line":183,"column":9}}]},"36":{"type":"branch","line":182,"loc":{"start":{"line":182,"column":-1},"end":{"line":183,"column":9}},"locations":[{"start":{"line":182,"column":-1},"end":{"line":183,"column":9}}]},"37":{"type":"branch","line":184,"loc":{"start":{"line":184,"column":-1},"end":{"line":193,"column":15}},"locations":[{"start":{"line":184,"column":-1},"end":{"line":193,"column":15}}]},"38":{"type":"branch","line":193,"loc":{"start":{"line":193,"column":8},"end":{"line":195,"column":7}},"locations":[{"start":{"line":193,"column":8},"end":{"line":195,"column":7}}]},"39":{"type":"branch","line":195,"loc":{"start":{"line":195,"column":7},"end":{"line":197,"column":7}},"locations":[{"start":{"line":195,"column":7},"end":{"line":197,"column":7}}]},"40":{"type":"branch","line":200,"loc":{"start":{"line":200,"column":11},"end":{"line":211,"column":5}},"locations":[{"start":{"line":200,"column":11},"end":{"line":211,"column":5}}]},"41":{"type":"branch","line":219,"loc":{"start":{"line":219,"column":0},"end":{"line":231,"column":1}},"locations":[{"start":{"line":219,"column":0},"end":{"line":231,"column":1}}]},"42":{"type":"branch","line":221,"loc":{"start":{"line":221,"column":22},"end":{"line":223,"column":5}},"locations":[{"start":{"line":221,"column":22},"end":{"line":223,"column":5}}]},"43":{"type":"branch","line":224,"loc":{"start":{"line":224,"column":25},"end":{"line":226,"column":5}},"locations":[{"start":{"line":224,"column":25},"end":{"line":226,"column":5}}]}},"b":{"0":[38],"1":[17],"2":[29],"3":[33],"4":[21],"5":[1],"6":[9],"7":[2],"8":[9],"9":[29],"10":[0],"11":[36],"12":[0],"13":[0],"14":[8],"15":[4],"16":[0],"17":[4],"18":[0],"19":[38],"20":[34],"21":[30],"22":[0],"23":[9],"24":[0],"25":[1],"26":[0],"27":[1],"28":[0],"29":[6],"30":[0],"31":[0],"32":[2],"33":[4],"34":[3],"35":[1],"36":[0],"37":[3],"38":[1],"39":[4],"40":[1],"41":[4],"42":[8],"43":[8]},"fnMap":{"0":{"name":"toMultiaddrConnection","decl":{"start":{"line":29,"column":37},"end":{"line":217,"column":1}},"loc":{"start":{"line":29,"column":37},"end":{"line":217,"column":1}},"line":29},"1":{"name":"sink","decl":{"start":{"line":117,"column":4},"end":{"line":140,"column":5}},"loc":{"start":{"line":117,"column":4},"end":{"line":140,"column":5}},"line":117},"2":{"name":"close","decl":{"start":{"line":149,"column":4},"end":{"line":198,"column":5}},"loc":{"start":{"line":149,"column":4},"end":{"line":198,"column":5}},"line":149},"3":{"name":"abort","decl":{"start":{"line":200,"column":11},"end":{"line":211,"column":5}},"loc":{"start":{"line":200,"column":11},"end":{"line":211,"column":5}},"line":200},"4":{"name":"socketToEventTarget","decl":{"start":{"line":219,"column":0},"end":{"line":231,"column":1}},"loc":{"start":{"line":219,"column":0},"end":{"line":231,"column":1}},"line":219},"5":{"name":"addEventListener","decl":{"start":{"line":221,"column":22},"end":{"line":223,"column":5}},"loc":{"start":{"line":221,"column":22},"end":{"line":223,"column":5}},"line":221},"6":{"name":"removeEventListener","decl":{"start":{"line":224,"column":25},"end":{"line":226,"column":5}},"loc":{"start":{"line":224,"column":25},"end":{"line":226,"column":5}},"line":224}},"f":{"0":38,"1":1,"2":6,"3":1,"4":4,"5":8,"6":8}}
[...]
":{"start":{"line":389,"column":0},"end":{"line":389,"column":33}},"389":{"start":{"line":390,"column":0},"end":{"line":390,"column":47}},"390":{"start":{"line":391,"column":0},"end":{"line":391,"column":4}},"391":{"start":{"line":392,"column":0},"end":{"line":392,"column":0}},"392":{"start":{"line":393,"column":0},"end":{"line":393,"column":119}},"393":{"start":{"line":394,"column":0},"end":{"line":394,"column":59}},"394":{"start":{"line":395,"column":0},"end":{"line":395,"column":15}},"395":{"start":{"line":396,"column":0},"end":{"line":396,"column":27}},"396":{"start":{"line":397,"column":0},"end":{"line":397,"column":7}},"397":{"start":{"line":398,"column":0},"end":{"line":398,"column":7}},"398":{"start":{"line":399,"column":0},"end":{"line":399,"column":0}},"399":{"start":{"line":400,"column":0},"end":{"line":400,"column":66}},"400":{"start":{"line":401,"column":0},"end":{"line":401,"column":41}},"401":{"start":{"line":402,"column":0},"end":{"line":402,"column":0}},"402":{"start":{"line":403,"column":0},"end":{"line":403,"column":63}},"403":{"start":{"line":404,"column":0},"end":{"line":404,"column":35}},"404":{"start":{"line":405,"column":0},"end":{"line":405,"column":30}},"405":{"start":{"line":406,"column":0},"end":{"line":406,"column":30}},"406":{"start":{"line":407,"column":0},"end":{"line":407,"column":26}},"407":{"start":{"line":408,"column":0},"end":{"line":408,"column":6}},"408":{"start":{"line":409,"column":0},"end":{"line":409,"column":50}},"409":{"start":{"line":410,"column":0},"end":{"line":410,"column":55}},"410":{"start":{"line":411,"column":0},"end":{"line":411,"column":0}},"411":{"start":{"line":412,"column":0},"end":{"line":412,"column":40}},"412":{"start":{"line":413,"column":0},"end":{"line":413,"column":0}},"413":{"start":{"line":414,"column":0},"end":{"line":414,"column":38}},"414":{"start":{"line":415,"column":0},"end":{"line":415,"column":32}},"415":{"start":{"line":416,"column":0},"end":{"line":416,"column":6}},"416":{"start":{"line":417,"column":0},"end":{"line":417,"column":0}},"417":{"start":{"line":418,"column":0},"end":{"line":418,"column":51}},"418":{"start":{"line":419,"column":0},"end":{"line":419,"column":31}},"419":{"start":{"line":420,"column":0},"end":{"line":420,"column":33}},"420":{"start":{"line":421,"column":0},"end":{"line":421,"column":0}},"421":{"start":{"line":422,"column":0},"end":{"line":422,"column":23}},"422":{"start":{"line":423,"column":0},"end":{"line":423,"column":51}},"423":{"start":{"line":424,"column":0},"end":{"line":424,"column":18}},"424":{"start":{"line":425,"column":0},"end":{"line":425,"column":0}},"425":{"start":{"line":426,"column":0},"end":{"line":426,"column":31}},"426":{"start":{"line":427,"column":0},"end":{"line":427,"column":0}},"427":{"start":{"line":428,"column":0},"end":{"line":428,"column":55}},"428":{"start":{"line":429,"column":0},"end":{"line":429,"column":62}},"429":{"start":{"line":430,"column":0},"end":{"line":430,"column":0}},"430":{"start":{"line":431,"column":0},"end":{"line":431,"column":42}},"431":{"start":{"line":432,"column":0},"end":{"line":432,"column":58}},"432":{"start":{"line":433,"column":0},"end":{"line":433,"column":0}},"433":{"start":{"line":434,"column":0},"end":{"line":434,"column":33}},"434":{"start":{"line":435,"column":0},"end":{"line":435,"column":47}},"435":{"start":{"line":436,"column":0},"end":{"line":436,"column":4}},"436":{"start":{"line":437,"column":0},"end":{"line":437,"column":0}},"437":{"start":{"line":438,"column":0},"end":{"line":438,"column":67}},"438":{"start":{"line":439,"column":0},"end":{"line":439,"column":60}},"439":{"start":{"line":440,"column":0},"end":{"line":440,"column":0}},"440":{"start":{"line":441,"column":0},"end":{"line":441,"column":66}},"441":{"start":{"line":442,"column":0},"end":{"line":442,"column":41}},"442":{"start":{"line":443,"column":0},"end":{"line":443,"column":0}},"443":{"start":{"line":444,"column":0},"end":{"line":444,"column":76}},"444":{"start":{"line":445,"column":0},"end":{"line":445,"column":43}},"445":{"start":{"line":446,"column":0},"end":{"line":446,"column":0}},"446":{"start":{"line":447,"column":0},"end":{"line":447,"column":36}},"447":{"start":{"line":448,"column":0},"end":{"line":448,"column":0}},"448":{"start":{"line":449,"column":0},"end":{"line":449,"column":63}},"449":{"start":{"line":450,"column":0},"end":{"line":450,"column":35}},"450":{"start":{"line":451,"column":0},"end":{"line":451,"column":30}},"451":{"start":{"line":452,"column":0},"end":{"line":452,"column":30}},"452":{"start":{"line":453,"column":0},"end":{"line":453,"column":26}},"453":{"start":{"line":454,"column":0},"end":{"line":454,"column":6}},"454":{"start":{"line":455,"column":0},"end":{"line":455,"column":50}},"455":{"start":{"line":456,"column":0},"end":{"line":456,"column":55}},"456":{"start":{"line":457,"column":0},"end":{"line":457,"column":0}},"457":{"start":{"line":458,"column":0},"end":{"line":458,"column":41}},"458":{"start":{"line":459,"column":0},"end":{"line":459,"column":30}},"459":{"start":{"line":460,"column":0},"end":{"line":460,"column":6}},"460":{"start":{"line":461,"column":0},"end":{"line":461,"column":0}},"461":{"start":{"line":462,"column":0},"end":{"line":462,"column":38}},"462":{"start":{"line":463,"column":0},"end":{"line":463,"column":32}},"463":{"start":{"line":464,"column":0},"end":{"line":464,"column":6}},"464":{"start":{"line":465,"column":0},"end":{"line":465,"column":40}},"465":{"start":{"line":466,"column":0},"end":{"line":466,"column":34}},"466":{"start":{"line":467,"column":0},"end":{"line":467,"column":6}},"467":{"start":{"line":468,"column":0},"end":{"line":468,"column":0}},"468":{"start":{"line":469,"column":0},"end":{"line":469,"column":51}},"469":{"start":{"line":470,"column":0},"end":{"line":470,"column":31}},"470":{"start":{"line":471,"column":0},"end":{"line":471,"column":33}},"471":{"start":{"line":472,"column":0},"end":{"line":472,"column":0}},"472":{"start":{"line":473,"column":0},"end":{"line":473,"column":27}},"473":{"start":{"line":474,"column":0},"end":{"line":474,"column":0}},"474":{"start":{"line":475,"column":0},"end":{"line":475,"column":41}},"475":{"start":{"line":476,"column":0},"end":{"line":476,"column":23}},"476":{"start":{"line":477,"column":0},"end":{"line":477,"column":56}},"477":{"start":{"line":478,"column":0},"end":{"line":478,"column":61}},"478":{"start":{"line":479,"column":0},"end":{"line":479,"column":0}},"479":{"start":{"line":480,"column":0},"end":{"line":480,"column":57}},"480":{"start":{"line":481,"column":0},"end":{"line":481,"column":58}},"481":{"start":{"line":482,"column":0},"end":{"line":482,"column":6}},"482":{"start":{"line":483,"column":0},"end":{"line":483,"column":0}},"483":{"start":{"line":484,"column":0},"end":{"line":484,"column":41}},"484":{"start":{"line":485,"column":0},"end":{"line":485,"column":0}},"485":{"start":{"line":486,"column":0},"end":{"line":486,"column":59}},"486":{"start":{"line":487,"column":0},"end":{"line":487,"column":60}},"487":{"start":{"line":488,"column":0},"end":{"line":488,"column":61}},"488":{"start":{"line":489,"column":0},"end":{"line":489,"column":5}},"489":{"start":{"line":490,"column":0},"end":{"line":490,"column":0}},"490":{"start":{"line":491,"column":0},"end":{"line":491,"column":49}},"491":{"start":{"line":492,"column":0},"end":{"line":492,"column":47}},"492":{"start":{"line":493,"column":0},"end":{"line":493,"column":0}},"493":{"start":{"line":494,"column":0},"end":{"line":494,"column":33}},"494":{"start":{"line":495,"column":0},"end":{"line":495,"column":47}},"495":{"start":{"line":496,"column":0},"end":{"line":496,"column":4}},"496":{"start":{"line":497,"column":0},"end":{"line":497,"column":2}}},"s":{"0":1,"1":1,"2":1,"3":1,"4":1,"5":1,"6":1,"7":9,"8":9,"9":9,"10":9,"11":9,"12":9,"13":9,"14":9,"15":9,"16":9,"17":9,"18":9,"19":9,"20":9,"21":9,"22":9,"23":9,"24":9,"25":9,"26":9,"27":0,"28":0,"29":9,"30":9,"31":9,"32":9,"33":9,"34":9,"35":9,"36":9,"37":9,"38":9,"39":9,"40":9,"41":9,"42":1,"43":1,"44":1,"45":1,"46":1,"47":1,"48":1,"49":9,"50":9,"51":9,"52":9,"53":9,"54":9,"55":9,"56":9,"57":9,"58":9,"59":9,"60":1,"61":1,"62":1,"63":1,"64":1,"65":1,"66":1,"67":1,"68":1,"69":1,"70":1,"71":1,"72":1,"73":1,"74":1,"75":1,"76":1,"77":1,"78":1,"79":1,"80":1,"81":1,"82":1,"83":1,"84":1,"85":1,"86":1,"87":1,"88":1,"89":0,"90":1,"91":1,"92":1,"93":1,"94":1,"95":1,"96":1,"97":1,"98":1,"99":1,"100":1,"101":1,"102":1,"103":1,"104":1,"105":1,"106":1,"107":1,"108":1,"109":1,"110":1,"111":1,"112":1,"113":1,"114":1,"115":1,"116":1,"117":1,"118":1,"119":1,"120":1,"121":1,"122":1,"123":1,"124":1,"125":1,"126":1,"127":1,"128":1,"129":1,"130":1,"131":1,"132":1,"133":1,"134":1,"135":1,"136":1,"137":1,"138":1,"139":1,"140":1,"141":1,"142":1,"143":1,"144":1,"145":1,"146":1,"147":1,"148":1,"149":1,"150":1,"151":0,"152":0,"153":1,"154":1,"155":1,"156":1,"157":1,"158":1,"159":1,"160":1,"161":1,"162":1,"163":1,"164":1,"165":1,"166":1,"167":1,"168":1,"169":1,"170":1,"171":1,"172":1,"173":1,"174":1,"175":1,"176":1,"177":1,"178":1,"179":1,"180":1,"181":1,"182":1,"183":1,"184":1,"185":1,"186":1,"187":1,"188":1,"189":1,"190":1,"191":1,"192":1,"193":1,"194":1,"195":1,"196":1,"197":1,"198":1,"199":1,"200":1,"201":1,"202":1,"203":1,"204":1,"205":1,"206":1,"207":1,"208":1,"209":1,"210":1,"211":1,"212":1,"213":1,"214":1,"215":1,"216":1,"217":1,"218":1,"219":1,"220":1,"221":1,"222":1,"223":1,"224":1,"225":1,"226":1,"227":1,"228":1,"229":1,"230":1,"231":1,"232":1,"233":1,"234":1,"235":1,"236":1,"237":1,"238":1,"239":1,"240":1,"241":1,"242":1,"243":1,"244":1,"245":1,"246":1,"247":1,"248":1,"249":1,"250":1,"251":1,"252":1,"253":1,"254":1,"255":1,"256":1,"257":1,"258":1,"259":1,"260":1,"261":1,"262":1,"263":1,"264":1,"265":1,"266":1,"267":1,"268":1,"269":1,"270":1,"271":1,"272":1,"273":1,"274":1,"275":1,"276":1,"277":1,"278":1,"279":1,"280":1,"281":1,"282":1,"283":1,"284":1,"285":1,"286":1,"287":1,"288":1,"289":1,"290":1,"291":1,"292":1,"293":1,"294":1,"295":1,"296":1,"297":1,"298":161,"299":1,"300":1,"301":160,"302":160,"303":1,"304":1,"305":1,"306":1,"307":1,"308":1,"309":1,"310":1,"311":1,"312":1,"313":1,"314":1,"315":1,"316":1,"317":1,"318":1,"319":1,"320":1,"321":1,"322":1,"323":1,"324":1,"325":1,"326":1,"327":1,"328":1,"329":1,"330":1,"331":1,"332":1,"333":1,"334":1,"335":1,"336":1,"337":1,"338":1,"339":1,"340":1,"341":1,"342":1,"343":1,"344":1,"345":1,"346":1,"347":1,"348":1,"349":1,"350":1,"351":1,"352":1,"353":1,"354":1,"355":1,"356":1,"357":1,"358":1,"359":1,"360":1,"361":1,"362":1,"363":1,"364":1,"365":1,"366":1,"367":1,"368":1,"369":1,"370":1,"371":1,"372":1,"373":1,"374":1,"375":1,"376":1,"377":1,"378":1,"379":1,"380":1,"381":1,"382":1,"383":1,"384":1,"385":1,"386":1,"387":1,"388":1,"389":1,"390":1,"391":1,"392":1,"393":1,"394":1,"395":1,"396":1,"397":1,"398":1,"399":1,"400":1,"401":1,"402":1,"403":1,"404":1,"405":1,"406":1,"407":1,"408":1,"409":1,"410":1,"411":1,"412":1,"413":1,"414":1,"415":1,"416":1,"417":1,"418":1,"419":1,"420":1,"421":1,"422":2859,"423":1,"424":1,"425":1,"426":1,"427":1,"428":1,"429":1,"430":1,"431":1,"432":1,"433":1,"434":1,"435":1,"436":1,"437":1,"438":1,"439":1,"440":1,"441":1,"442":1,"443":1,"444":1,"445":1,"446":1,"447":1,"448":1,"449":1,"450":1,"451":1,"452":1,"453":1,"454":1,"455":1,"456":1,"457":1,"458":1,"459":1,"460":1,"461":1,"462":1,"463":1,"464":1,"465":1,"466":1,"467":1,"468":1,"469":1,"470":1,"471":1,"472":1,"473":1,"474":1,"475":1,"476":1,"477":1,"478":1,"479":1,"480":1,"481":1,"482":1,"483":1,"484":1,"485":1,"486":1,"487":0,"488":0,"489":1,"490":1,"491":1,"492":1,"493":1,"494":1,"495":1,"496":1},"branchMap":{"0":{"type":"branch","line":8,"loc":{"start":{"line":8,"column":0},"end":{"line":42,"column":1}},"locations":[{"start":{"line":8,"column":0},"end":{"line":42,"column":1}}]},"1":{"type":"branch","line":11,"loc":{"start":{"line":11,"column":34},"end":{"line":11,"column":42}},"locations":[{"start":{"line":11,"column":34},"end":{"line":11,"column":42}}]},"2":{"type":"branch","line":27,"loc":{"start":{"line":27,"column":54},"end":{"line":29,"column":3}},"locations":[{"start":{"line":27,"column":54},"end":{"line":29,"column":3}}]},"3":{"type":"branch","line":31,"loc":{"start":{"line":31,"column":32},"end":{"line":31,"column":40}},"locations":[{"start":{"line":31,"column":32},"end":{"line":31,"column":40}}]},"4":{"type":"branch","line":12,"loc":{"start":{"line":12,"column":19},"end":{"line":14,"column":3}},"locations":[{"start":{"line":12,"column":19},"end":{"line":14,"column":3}}]},"5":{"type":"branch","line":21,"loc":{"start":{"line":21,"column":28},"end":{"line":23,"column":3}},"locations":[{"start":{"line":21,"column":28},"end":{"line":23,"column":3}}]},"6":{"type":"branch","line":32,"loc":{"start":{"line":32,"column":25},"end":{"line":34,"column":3}},"locations":[{"start":{"line":32,"column":25},"end":{"line":34,"column":3}}]},"7":{"type":"branch","line":44,"loc":{"start":{"line":44,"column":27},"end":{"line":497,"column":2}},"locations":[{"start":{"line":44,"column":27},"end":{"line":497,"column":2}}]},"8":{"type":"branch","line":49,"loc":{"start":{"line":49,"column":12},"end":{"line":61,"column":3}},"locations":[{"start":{"line":49,"column":12},"end":{"line":61,"column":3}}]},"9":{"type":"branch","line":63,"loc":{"start":{"line":63,"column":61},"end":{"line":115,"column":3}},"locations":[{"start":{"line":63,"column":61},"end":{"line":115,"column":3}}]},"10":{"type":"branch","line":86,"loc":{"start":{"line":86,"column":31},"end":{"line":88,"column":5}},"locations":[{"start":{"line":86,"column":31},"end":{"line":88,"column":5}}]},"11":{"type":"branch","line":93,"loc":{"start":{"line":93,"column":31},"end":{"line":95,"column":5}},"locations":[{"start":{"line":93,"column":31},"end":{"line":95,"column":5}}]},"12":{"type":"branch","line":96,"loc":{"start":{"line":96,"column":31},"end":{"line":98,"column":5}},"locations":[{"start":{"line":96,"column":31},"end":{"line":98,"column":5}}]},"13":{"type":"branch","line":117,"loc":{"start":{"line":117,"column":70},"end":{"line":163,"column":3}},"locations":[{"start":{"line":117,"column":70},"end":{"line":163,"column":3}}]},"14":{"type":"branch","line":151,"loc":{"start":{"line":151,"column":70},"end":{"line":153,"column":5}},"locations":[{"start":{"line":151,"column":70},"end":{"line":153,"column":5}}]},"15":{"type":"branch","line":134,"loc":{"start":{"line":134,"column":31},"end":{"line":136,"column":5}},"locations":[{"start":{"line":134,"column":31},"end":{"line":136,"column":5}}]},"16":{"type":"branch","line":137,"loc":{"start":{"line":137,"column":31},"end":{"line":139,"column":5}},"locations":[{"start":{"line":137,"column":31},"end":{"line":139,"column":5}}]},"17":{"type":"branch","line":165,"loc":{"start":{"line":165,"column":66},"end":{"line":219,"column":3}},"locations":[{"start":{"line":165,"column":66},"end":{"line":219,"column":3}}]},"18":{"type":"branch","line":188,"loc":{"start":{"line":188,"column":31},"end":{"line":190,"column":5}},"locations":[{"start":{"line":188,"column":31},"end":{"line":190,"column":5}}]},"19":{"type":"branch","line":192,"loc":{"start":{"line":192,"column":31},"end":{"line":194,"column":5}},"locations":[{"start":{"line":192,"column":31},"end":{"line":194,"column":5}}]},"20":{"type":"branch","line":195,"loc":{"start":{"line":195,"column":33},"end":{"line":197,"column":5}},"locations":[{"start":{"line":195,"column":33},"end":{"line":197,"column":5}}]},"21":{"type":"branch","line":221,"loc":{"start":{"line":221,"column":46},"end":{"line":255,"column":3}},"locations":[{"start":{"line":221,"column":46},"end":{"line":255,"column":3}}]},"22":{"type":"branch","line":235,"loc":{"start":{"line":235,"column":31},"end":{"line":237,"column":5}},"locations":[{"start":{"line":235,"column":31},"end":{"line":237,"column":5}}]},"23":{"type":"branch","line":240,"loc":{"start":{"line":240,"column":29},"end":{"line":242,"column":5}},"locations":[{"start":{"line":240,"column":29},"end":{"line":242,"column":5}}]},"24":{"type":"branch","line":257,"loc":{"start":{"line":257,"column":78},"end":{"line":292,"column":3}},"locations":[{"start":{"line":257,"column":78},"end":{"line":292,"column":3}}]},"25":{"type":"branch","line":274,"loc":{"start":{"line":274,"column":31},"end":{"line":276,"column":5}},"locations":[{"start":{"line":274,"column":31},"end":{"line":276,"column":5}}]},"26":{"type":"branch","line":294,"loc":{"start":{"line":294,"column":51},"end":{"line":350,"column":3}},"locations":[{"start":{"line":294,"column":51},"end":{"line":350,"column":3}}]},"27":{"type":"branch","line":298,"loc":{"start":{"line":298,"column":6},"end":{"line":303,"column":7}},"locations":[{"start":{"line":298,"column":6},"end":{"line":303,"column":7}}]},"28":{"type":"branch","line":299,"loc":{"start":{"line":299,"column":39},"end":{"line":301,"column":9}},"locations":[{"start":{"line":299,"column":39},"end":{"line":301,"column":9}}]},"29":{"type":"branch","line":302,"loc":{"start":{"line":302,"column":-1},"end":{"line":303,"column":7}},"locations":[{"start":{"line":302,"column":-1},"end":{"line":303,"column":7}}]},"30":{"type":"branch","line":321,"loc":{"start":{"line":321,"column":31},"end":{"line":323,"column":5}},"locations":[{"start":{"line":321,"column":31},"end":{"line":323,"column":5}}]},"31":{"type":"branch","line":352,"loc":{"start":{"line":352,"column":76},"end":{"line":391,"column":3}},"locations":[{"start":{"line":352,"column":76},"end":{"line":391,"column":3}}]},"32":{"type":"branch","line":373,"loc":{"start":{"line":373,"column":31},"end":{"line":375,"column":5}},"locations":[{"start":{"line":373,"column":31},"end":{"line":375,"column":5}}]},"33":{"type":"branch","line":393,"loc":{"start":{"line":393,"column":106},"end":{"line":436,"column":3}},"locations":[{"start":{"line":393,"column":106},"end":{"line":436,"column":3}}]},"34":{"type":"branch","line":414,"loc":{"start":{"line":414,"column":31},"end":{"line":416,"column":5}},"locations":[{"start":{"line":414,"column":31},"end":{"line":416,"column":5}}]},"35":{"type":"branch","line":422,"loc":{"start":{"line":422,"column":16},"end":{"line":424,"column":5}},"locations":[{"start":{"line":422,"column":16},"end":{"line":424,"column":5}}]},"36":{"type":"branch","line":438,"loc":{"start":{"line":438,"column":54},"end":{"line":496,"column":3}},"locations":[{"start":{"line":438,"column":54},"end":{"line":496,"column":3}}]},"37":{"type":"branch","line":487,"loc":{"start":{"line":487,"column":33},"end":{"line":487,"column":57}},"locations":[{"start":{"line":487,"column":33},"end":{"line":487,"column":57}}]},"38":{"type":"branch","line":487,"loc":{"start":{"line":487,"column":59},"end":{"line":489,"column":5}},"locations":[{"start":{"line":487,"column":59},"end":{"line":489,"column":5}}]},"39":{"type":"branch","line":458,"loc":{"start":{"line":458,"column":31},"end":{"line":460,"column":5}},"locations":[{"start":{"line":458,"column":31},"end":{"line":460,"column":5}}]},"40":{"type":"branch","line":462,"loc":{"start":{"line":462,"column":31},"end":{"line":464,"column":5}},"locations":[{"start":{"line":462,"column":31},"end":{"line":464,"column":5}}]},"41":{"type":"branch","line":465,"loc":{"start":{"line":465,"column":33},"end":{"line":467,"column":5}},"locations":[{"start":{"line":465,"column":33},"end":{"line":467,"column":5}}]}},"b":{"0":[9],"1":[3],"2":[0],"3":[3],"4":[9],"5":[9],"6":[9],"7":[1],"8":[9],"9":[1],"10":[1],"11":[1],"12":[1],"13":[1],"14":[0],"15":[1],"16":[1],"17":[1],"18":[1],"19":[1],"20":[1],"21":[1],"22":[1],"23":[1],"24":[1],"25":[1],"26":[1],"27":[161],"28":[1],"29":[160],"30":[1],"31":[1],"32":[1],"33":[1],"34":[1],"35":[2859],"36":[1],"37":[0],"38":[0],"39":[1],"40":[1],"41":[1]},"fnMap":{"0":{"name":"setup","decl":{"start":{"line":8,"column":0},"end":{"line":42,"column":1}},"loc":{"start":{"line":8,"column":0},"end":{"line":42,"column":1}},"line":8},"1":{"name":"get","decl":{"start":{"line":298,"column":6},"end":{"line":303,"column":7}},"loc":{"start":{"line":298,"column":6},"end":{"line":303,"column":7}},"line":298}},"f":{"0":9,"1":161}}
}
