{"/Users/alex/Documents/Workspaces/libp2p/js-libp2p/packages/peer-record/src/errors.ts":{"path":"/Users/alex/Documents/Workspaces/libp2p/js-libp2p/packages/peer-record/src/errors.ts","all":false,"statementMap":{"0":{"start":{"line":1,"column":0},"end":{"line":1,"column":22}},"1":{"start":{"line":2,"column":0},"end":{"line":2,"column":52}},"2":{"start":{"line":3,"column":0},"end":{"line":3,"column":1}}},"s":{"0":1,"1":1,"2":1},"branchMap":{},"b":{},"fnMap":{},"f":{}},"/Users/alex/Documents/Workspaces/libp2p/js-libp2p/packages/peer-record/src/envelope/envelope.ts":{"path":"/Users/alex/Documents/Workspaces/libp2p/js-libp2p/packages/peer-record/src/envelope/envelope.ts","all":false,"statementMap":{"0":{"start":{"line":1,"column":0},"end":{"line":1,"column":34}},"1":{"start":{"line":2,"column":0},"end":{"line":2,"column":31}},"2":{"start":{"line":3,"column":0},"end":{"line":3,"column":52}},"3":{"start":{"line":4,"column":0},"end":{"line":4,"column":78}},"4":{"start":{"line":5,"column":0},"end":{"line":5,"column":58}},"5":{"start":{"line":6,"column":0},"end":{"line":6,"column":0}},"6":{"start":{"line":7,"column":0},"end":{"line":7,"column":71}},"7":{"start":{"line":8,"column":0},"end":{"line":8,"column":44}},"8":{"start":{"line":9,"column":0},"end":{"line":9,"column":52}},"9":{"start":{"line":10,"column":0},"end":{"line":10,"column":0}},"10":{"start":{"line":11,"column":0},"end":{"line":11,"column":27}},"11":{"start":{"line":12,"column":0},"end":{"line":12,"column":23}},"12":{"start":{"line":13,"column":0},"end":{"line":13,"column":25}},"13":{"start":{"line":14,"column":0},"end":{"line":14,"column":21}},"14":{"start":{"line":15,"column":0},"end":{"line":15,"column":23}},"15":{"start":{"line":16,"column":0},"end":{"line":16,"column":1}},"16":{"start":{"line":17,"column":0},"end":{"line":17,"column":0}},"17":{"start":{"line":18,"column":0},"end":{"line":18,"column":27}},"18":{"start":{"line":19,"column":0},"end":{"line":19,"column":29}},"19":{"start":{"line":20,"column":0},"end":{"line":20,"column":0}},"20":{"start":{"line":21,"column":0},"end":{"line":21,"column":47}},"21":{"start":{"line":22,"column":0},"end":{"line":22,"column":25}},"22":{"start":{"line":23,"column":0},"end":{"line":23,"column":57}},"23":{"start":{"line":24,"column":0},"end":{"line":24,"column":45}},"24":{"start":{"line":25,"column":0},"end":{"line":25,"column":18}},"25":{"start":{"line":26,"column":0},"end":{"line":26,"column":9}},"26":{"start":{"line":27,"column":0},"end":{"line":27,"column":0}},"27":{"start":{"line":28,"column":0},"end":{"line":28,"column":70}},"28":{"start":{"line":29,"column":0},"end":{"line":29,"column":22}},"29":{"start":{"line":30,"column":0},"end":{"line":30,"column":32}},"30":{"start":{"line":31,"column":0},"end":{"line":31,"column":9}},"31":{"start":{"line":32,"column":0},"end":{"line":32,"column":0}},"32":{"start":{"line":33,"column":0},"end":{"line":33,"column":74}},"33":{"start":{"line":34,"column":0},"end":{"line":34,"column":22}},"34":{"start":{"line":35,"column":0},"end":{"line":35,"column":34}},"35":{"start":{"line":36,"column":0},"end":{"line":36,"column":9}},"36":{"start":{"line":37,"column":0},"end":{"line":37,"column":0}},"37":{"start":{"line":38,"column":0},"end":{"line":38,"column":66}},"38":{"start":{"line":39,"column":0},"end":{"line":39,"column":22}},"39":{"start":{"line":40,"column":0},"end":{"line":40,"column":30}},"40":{"start":{"line":41,"column":0},"end":{"line":41,"column":9}},"41":{"start":{"line":42,"column":0},"end":{"line":42,"column":0}},"42":{"start":{"line":43,"column":0},"end":{"line":43,"column":70}},"43":{"start":{"line":44,"column":0},"end":{"line":44,"column":22}},"44":{"start":{"line":45,"column":0},"end":{"line":45,"column":32}},"45":{"start":{"line":46,"column":0},"end":{"line":46,"column":9}},"46":{"start":{"line":47,"column":0},"end":{"line":47,"column":0}},"47":{"start":{"line":48,"column":0},"end":{"line":48,"column":45}},"48":{"start":{"line":49,"column":0},"end":{"line":49,"column":20}},"49":{"start":{"line":50,"column":0},"end":{"line":50,"column":9}},"50":{"start":{"line":51,"column":0},"end":{"line":51,"column":30}},"51":{"start":{"line":52,"column":0},"end":{"line":52,"column":26}},"52":{"start":{"line":53,"column":0},"end":{"line":53,"column":39}},"53":{"start":{"line":54,"column":0},"end":{"line":54,"column":41}},"54":{"start":{"line":55,"column":0},"end":{"line":55,"column":37}},"55":{"start":{"line":56,"column":0},"end":{"line":56,"column":38}},"56":{"start":{"line":57,"column":0},"end":{"line":57,"column":9}},"57":{"start":{"line":58,"column":0},"end":{"line":58,"column":0}},"58":{"start":{"line":59,"column":0},"end":{"line":59,"column":69}},"59":{"start":{"line":60,"column":0},"end":{"line":60,"column":0}},"60":{"start":{"line":61,"column":0},"end":{"line":61,"column":34}},"61":{"start":{"line":62,"column":0},"end":{"line":62,"column":37}},"62":{"start":{"line":63,"column":0},"end":{"line":63,"column":0}},"63":{"start":{"line":64,"column":0},"end":{"line":64,"column":30}},"64":{"start":{"line":65,"column":0},"end":{"line":65,"column":19}},"65":{"start":{"line":66,"column":0},"end":{"line":66,"column":44}},"66":{"start":{"line":67,"column":0},"end":{"line":67,"column":19}},"67":{"start":{"line":68,"column":0},"end":{"line":68,"column":19}},"68":{"start":{"line":69,"column":0},"end":{"line":69,"column":46}},"69":{"start":{"line":70,"column":0},"end":{"line":70,"column":19}},"70":{"start":{"line":71,"column":0},"end":{"line":71,"column":19}},"71":{"start":{"line":72,"column":0},"end":{"line":72,"column":42}},"72":{"start":{"line":73,"column":0},"end":{"line":73,"column":19}},"73":{"start":{"line":74,"column":0},"end":{"line":74,"column":19}},"74":{"start":{"line":75,"column":0},"end":{"line":75,"column":44}},"75":{"start":{"line":76,"column":0},"end":{"line":76,"column":19}},"76":{"start":{"line":77,"column":0},"end":{"line":77,"column":20}},"77":{"start":{"line":78,"column":0},"end":{"line":78,"column":38}},"78":{"start":{"line":79,"column":0},"end":{"line":79,"column":19}},"79":{"start":{"line":80,"column":0},"end":{"line":80,"column":11}},"80":{"start":{"line":81,"column":0},"end":{"line":81,"column":9}},"81":{"start":{"line":82,"column":0},"end":{"line":82,"column":0}},"82":{"start":{"line":83,"column":0},"end":{"line":83,"column":18}},"83":{"start":{"line":84,"column":0},"end":{"line":84,"column":8}},"84":{"start":{"line":85,"column":0},"end":{"line":85,"column":5}},"85":{"start":{"line":86,"column":0},"end":{"line":86,"column":0}},"86":{"start":{"line":87,"column":0},"end":{"line":87,"column":17}},"87":{"start":{"line":88,"column":0},"end":{"line":88,"column":3}},"88":{"start":{"line":89,"column":0},"end":{"line":89,"column":0}},"89":{"start":{"line":90,"column":0},"end":{"line":90,"column":65}},"90":{"start":{"line":91,"column":0},"end":{"line":91,"column":47}},"91":{"start":{"line":92,"column":0},"end":{"line":92,"column":3}},"92":{"start":{"line":93,"column":0},"end":{"line":93,"column":0}},"93":{"start":{"line":94,"column":0},"end":{"line":94,"column":73}},"94":{"start":{"line":95,"column":0},"end":{"line":95,"column":47}},"95":{"start":{"line":96,"column":0},"end":{"line":96,"column":3}},"96":{"start":{"line":97,"column":0},"end":{"line":97,"column":1}}},"s":{"0":1,"1":1,"2":1,"3":1,"4":1,"5":1,"6":1,"7":1,"8":1,"9":1,"10":1,"11":1,"12":1,"13":1,"14":1,"15":1,"16":1,"17":1,"18":1,"19":1,"20":1,"21":8,"22":1,"23":4,"24":0,"25":0,"26":4,"27":4,"28":4,"29":4,"30":4,"31":4,"32":4,"33":4,"34":4,"35":4,"36":4,"37":4,"38":4,"39":4,"40":4,"41":4,"42":4,"43":4,"44":4,"45":4,"46":4,"47":4,"48":0,"49":0,"50":1,"51":4,"52":4,"53":4,"54":4,"55":4,"56":4,"57":4,"58":4,"59":4,"60":4,"61":16,"62":16,"63":16,"64":16,"65":4,"66":4,"67":16,"68":4,"69":4,"70":16,"71":4,"72":4,"73":16,"74":4,"75":4,"76":16,"77":0,"78":0,"79":16,"80":16,"81":4,"82":4,"83":1,"84":1,"85":8,"86":8,"87":8,"88":1,"89":1,"90":4,"91":4,"92":1,"93":1,"94":4,"95":4,"96":1},"branchMap":{"0":{"type":"branch","line":18,"loc":{"start":{"line":18,"column":0},"end":{"line":97,"column":1}},"locations":[{"start":{"line":18,"column":0},"end":{"line":97,"column":1}}]},"1":{"type":"branch","line":21,"loc":{"start":{"line":21,"column":23},"end":{"line":88,"column":3}},"locations":[{"start":{"line":21,"column":23},"end":{"line":88,"column":3}}]},"2":{"type":"branch","line":22,"loc":{"start":{"line":22,"column":24},"end":{"line":85,"column":5}},"locations":[{"start":{"line":22,"column":24},"end":{"line":85,"column":5}}]},"3":{"type":"branch","line":23,"loc":{"start":{"line":23,"column":33},"end":{"line":51,"column":9}},"locations":[{"start":{"line":23,"column":33},"end":{"line":51,"column":9}}]},"4":{"type":"branch","line":24,"loc":{"start":{"line":24,"column":44},"end":{"line":26,"column":9}},"locations":[{"start":{"line":24,"column":44},"end":{"line":26,"column":9}}]},"5":{"type":"branch","line":48,"loc":{"start":{"line":48,"column":44},"end":{"line":50,"column":9}},"locations":[{"start":{"line":48,"column":44},"end":{"line":50,"column":9}}]},"6":{"type":"branch","line":51,"loc":{"start":{"line":51,"column":9},"end":{"line":84,"column":7}},"locations":[{"start":{"line":51,"column":9},"end":{"line":84,"column":7}}]},"7":{"type":"branch","line":59,"loc":{"start":{"line":59,"column":44},"end":{"line":59,"column":69}},"locations":[{"start":{"line":59,"column":44},"end":{"line":59,"column":69}}]},"8":{"type":"branch","line":61,"loc":{"start":{"line":61,"column":33},"end":{"line":81,"column":9}},"locations":[{"start":{"line":61,"column":33},"end":{"line":81,"column":9}}]},"9":{"type":"branch","line":65,"loc":{"start":{"line":65,"column":12},"end":{"line":67,"column":19}},"locations":[{"start":{"line":65,"column":12},"end":{"line":67,"column":19}}]},"10":{"type":"branch","line":68,"loc":{"start":{"line":68,"column":12},"end":{"line":70,"column":19}},"locations":[{"start":{"line":68,"column":12},"end":{"line":70,"column":19}}]},"11":{"type":"branch","line":71,"loc":{"start":{"line":71,"column":12},"end":{"line":73,"column":19}},"locations":[{"start":{"line":71,"column":12},"end":{"line":73,"column":19}}]},"12":{"type":"branch","line":74,"loc":{"start":{"line":74,"column":12},"end":{"line":76,"column":19}},"locations":[{"start":{"line":74,"column":12},"end":{"line":76,"column":19}}]},"13":{"type":"branch","line":77,"loc":{"start":{"line":77,"column":12},"end":{"line":79,"column":19}},"locations":[{"start":{"line":77,"column":12},"end":{"line":79,"column":19}}]},"14":{"type":"branch","line":90,"loc":{"start":{"line":90,"column":24},"end":{"line":92,"column":3}},"locations":[{"start":{"line":90,"column":24},"end":{"line":92,"column":3}}]},"15":{"type":"branch","line":94,"loc":{"start":{"line":94,"column":24},"end":{"line":96,"column":3}},"locations":[{"start":{"line":94,"column":24},"end":{"line":96,"column":3}}]}},"b":{"0":[1],"1":[8],"2":[1],"3":[4],"4":[0],"5":[0],"6":[4],"7":[0],"8":[16],"9":[4],"10":[4],"11":[4],"12":[4],"13":[0],"14":[4],"15":[4]},"fnMap":{"0":{"name":"Envelope2.codec","decl":{"start":{"line":21,"column":23},"end":{"line":88,"column":3}},"loc":{"start":{"line":21,"column":23},"end":{"line":88,"column":3}},"line":21},"1":{"name":"obj.publicKey","decl":{"start":{"line":23,"column":33},"end":{"line":51,"column":9}},"loc":{"start":{"line":23,"column":33},"end":{"line":51,"column":9}},"line":23},"2":{"name":"Envelope2.encode","decl":{"start":{"line":90,"column":24},"end":{"line":92,"column":3}},"loc":{"start":{"line":90,"column":24},"end":{"line":92,"column":3}},"line":90},"3":{"name":"Envelope2.decode","decl":{"start":{"line":94,"column":24},"end":{"line":96,"column":3}},"loc":{"start":{"line":94,"column":24},"end":{"line":96,"column":3}},"line":94}},"f":{"0":8,"1":4,"2":4,"3":4}},"/Users/alex/Documents/Workspaces/libp2p/js-libp2p/packages/peer-record/src/envelope/index.ts":{"path":"/Users/alex/Documents/Workspaces/libp2p/js-libp2p/packages/peer-record/src/envelope/index.ts","all":false,"statementMap":{"0":{"start":{"line":1,"column":0},"end":{"line":1,"column":77}},"1":{"start":{"line":2,"column":0},"end":{"line":2,"column":45}},"2":{"start":{"line":3,"column":0},"end":{"line":3,"column":48}},"3":{"start":{"line":4,"column":0},"end":{"line":4,"column":38}},"4":{"start":{"line":5,"column":0},"end":{"line":5,"column":47}},"5":{"start":{"line":6,"column":0},"end":{"line":6,"column":63}},"6":{"start":{"line":7,"column":0},"end":{"line":7,"column":77}},"7":{"start":{"line":8,"column":0},"end":{"line":8,"column":36}},"8":{"start":{"line":9,"column":0},"end":{"line":9,"column":52}},"9":{"start":{"line":10,"column":0},"end":{"line":10,"column":65}},"10":{"start":{"line":11,"column":0},"end":{"line":11,"column":0}},"11":{"start":{"line":12,"column":0},"end":{"line":12,"column":37}},"12":{"start":{"line":13,"column":0},"end":{"line":13,"column":16}},"13":{"start":{"line":14,"column":0},"end":{"line":14,"column":25}},"14":{"start":{"line":15,"column":0},"end":{"line":15,"column":21}},"15":{"start":{"line":16,"column":0},"end":{"line":16,"column":23}},"16":{"start":{"line":17,"column":0},"end":{"line":17,"column":1}},"17":{"start":{"line":18,"column":0},"end":{"line":18,"column":0}},"18":{"start":{"line":19,"column":0},"end":{"line":19,"column":49}},"19":{"start":{"line":20,"column":0},"end":{"line":20,"column":5}},"20":{"start":{"line":21,"column":0},"end":{"line":21,"column":53}},"21":{"start":{"line":22,"column":0},"end":{"line":22,"column":5}},"22":{"start":{"line":23,"column":0},"end":{"line":23,"column":101}},"23":{"start":{"line":24,"column":0},"end":{"line":24,"column":46}},"24":{"start":{"line":25,"column":0},"end":{"line":25,"column":63}},"25":{"start":{"line":26,"column":0},"end":{"line":26,"column":0}},"26":{"start":{"line":27,"column":0},"end":{"line":27,"column":31}},"27":{"start":{"line":28,"column":0},"end":{"line":28,"column":13}},"28":{"start":{"line":29,"column":0},"end":{"line":29,"column":44}},"29":{"start":{"line":30,"column":0},"end":{"line":30,"column":36}},"30":{"start":{"line":31,"column":0},"end":{"line":31,"column":39}},"31":{"start":{"line":32,"column":0},"end":{"line":32,"column":6}},"32":{"start":{"line":33,"column":0},"end":{"line":33,"column":3}},"33":{"start":{"line":34,"column":0},"end":{"line":34,"column":0}},"34":{"start":{"line":35,"column":0},"end":{"line":35,"column":5}},"35":{"start":{"line":36,"column":0},"end":{"line":36,"column":82}},"36":{"start":{"line":37,"column":0},"end":{"line":37,"column":53}},"37":{"start":{"line":38,"column":0},"end":{"line":38,"column":5}},"38":{"start":{"line":39,"column":0},"end":{"line":39,"column":84}},"39":{"start":{"line":40,"column":0},"end":{"line":40,"column":36}},"40":{"start":{"line":41,"column":0},"end":{"line":41,"column":44}},"41":{"start":{"line":42,"column":0},"end":{"line":42,"column":5}},"42":{"start":{"line":43,"column":0},"end":{"line":43,"column":0}},"43":{"start":{"line":44,"column":0},"end":{"line":44,"column":32}},"44":{"start":{"line":45,"column":0},"end":{"line":45,"column":36}},"45":{"start":{"line":46,"column":0},"end":{"line":46,"column":36}},"46":{"start":{"line":47,"column":0},"end":{"line":47,"column":73}},"47":{"start":{"line":48,"column":0},"end":{"line":48,"column":60}},"48":{"start":{"line":49,"column":0},"end":{"line":49,"column":57}},"49":{"start":{"line":50,"column":0},"end":{"line":50,"column":0}},"50":{"start":{"line":51,"column":0},"end":{"line":51,"column":31}},"51":{"start":{"line":52,"column":0},"end":{"line":52,"column":13}},"52":{"start":{"line":53,"column":0},"end":{"line":53,"column":18}},"53":{"start":{"line":54,"column":0},"end":{"line":54,"column":14}},"54":{"start":{"line":55,"column":0},"end":{"line":55,"column":15}},"55":{"start":{"line":56,"column":0},"end":{"line":56,"column":6}},"56":{"start":{"line":57,"column":0},"end":{"line":57,"column":3}},"57":{"start":{"line":58,"column":0},"end":{"line":58,"column":0}},"58":{"start":{"line":59,"column":0},"end":{"line":59,"column":5}},"59":{"start":{"line":60,"column":0},"end":{"line":60,"column":50}},"60":{"start":{"line":61,"column":0},"end":{"line":61,"column":75}},"61":{"start":{"line":62,"column":0},"end":{"line":62,"column":5}},"62":{"start":{"line":63,"column":0},"end":{"line":63,"column":113}},"63":{"start":{"line":64,"column":0},"end":{"line":64,"column":66}},"64":{"start":{"line":65,"column":0},"end":{"line":65,"column":49}},"65":{"start":{"line":66,"column":0},"end":{"line":66,"column":0}},"66":{"start":{"line":67,"column":0},"end":{"line":67,"column":17}},"67":{"start":{"line":68,"column":0},"end":{"line":68,"column":112}},"68":{"start":{"line":69,"column":0},"end":{"line":69,"column":5}},"69":{"start":{"line":70,"column":0},"end":{"line":70,"column":0}},"70":{"start":{"line":71,"column":0},"end":{"line":71,"column":19}},"71":{"start":{"line":72,"column":0},"end":{"line":72,"column":3}},"72":{"start":{"line":73,"column":0},"end":{"line":73,"column":0}},"73":{"start":{"line":74,"column":0},"end":{"line":74,"column":23}},"74":{"start":{"line":75,"column":0},"end":{"line":75,"column":32}},"75":{"start":{"line":76,"column":0},"end":{"line":76,"column":28}},"76":{"start":{"line":77,"column":0},"end":{"line":77,"column":30}},"77":{"start":{"line":78,"column":0},"end":{"line":78,"column":31}},"78":{"start":{"line":79,"column":0},"end":{"line":79,"column":0}},"79":{"start":{"line":80,"column":0},"end":{"line":80,"column":5}},"80":{"start":{"line":81,"column":0},"end":{"line":81,"column":71}},"81":{"start":{"line":82,"column":0},"end":{"line":82,"column":22}},"82":{"start":{"line":83,"column":0},"end":{"line":83,"column":5}},"83":{"start":{"line":84,"column":0},"end":{"line":84,"column":42}},"84":{"start":{"line":85,"column":0},"end":{"line":85,"column":60}},"85":{"start":{"line":86,"column":0},"end":{"line":86,"column":0}},"86":{"start":{"line":87,"column":0},"end":{"line":87,"column":24}},"87":{"start":{"line":88,"column":0},"end":{"line":88,"column":34}},"88":{"start":{"line":89,"column":0},"end":{"line":89,"column":26}},"89":{"start":{"line":90,"column":0},"end":{"line":90,"column":30}},"90":{"start":{"line":91,"column":0},"end":{"line":91,"column":3}},"91":{"start":{"line":92,"column":0},"end":{"line":92,"column":0}},"92":{"start":{"line":93,"column":0},"end":{"line":93,"column":5}},"93":{"start":{"line":94,"column":0},"end":{"line":94,"column":33}},"94":{"start":{"line":95,"column":0},"end":{"line":95,"column":5}},"95":{"start":{"line":96,"column":0},"end":{"line":96,"column":26}},"96":{"start":{"line":97,"column":0},"end":{"line":97,"column":40}},"97":{"start":{"line":98,"column":0},"end":{"line":98,"column":43}},"98":{"start":{"line":99,"column":0},"end":{"line":99,"column":5}},"99":{"start":{"line":100,"column":0},"end":{"line":100,"column":0}},"100":{"start":{"line":101,"column":0},"end":{"line":101,"column":33}},"101":{"start":{"line":102,"column":0},"end":{"line":102,"column":40}},"102":{"start":{"line":103,"column":0},"end":{"line":103,"column":41}},"103":{"start":{"line":104,"column":0},"end":{"line":104,"column":38}},"104":{"start":{"line":105,"column":0},"end":{"line":105,"column":41}},"105":{"start":{"line":106,"column":0},"end":{"line":106,"column":33}},"106":{"start":{"line":107,"column":0},"end":{"line":107,"column":8}},"107":{"start":{"line":108,"column":0},"end":{"line":108,"column":5}},"108":{"start":{"line":109,"column":0},"end":{"line":109,"column":0}},"109":{"start":{"line":110,"column":0},"end":{"line":110,"column":25}},"110":{"start":{"line":111,"column":0},"end":{"line":111,"column":3}},"111":{"start":{"line":112,"column":0},"end":{"line":112,"column":0}},"112":{"start":{"line":113,"column":0},"end":{"line":113,"column":5}},"113":{"start":{"line":114,"column":0},"end":{"line":114,"column":60}},"114":{"start":{"line":115,"column":0},"end":{"line":115,"column":5}},"115":{"start":{"line":116,"column":0},"end":{"line":116,"column":37}},"116":{"start":{"line":117,"column":0},"end":{"line":117,"column":60}},"117":{"start":{"line":118,"column":0},"end":{"line":118,"column":3}},"118":{"start":{"line":119,"column":0},"end":{"line":119,"column":0}},"119":{"start":{"line":120,"column":0},"end":{"line":120,"column":5}},"120":{"start":{"line":121,"column":0},"end":{"line":121,"column":58}},"121":{"start":{"line":122,"column":0},"end":{"line":122,"column":5}},"122":{"start":{"line":123,"column":0},"end":{"line":123,"column":53}},"123":{"start":{"line":124,"column":0},"end":{"line":124,"column":83}},"124":{"start":{"line":125,"column":0},"end":{"line":125,"column":0}},"125":{"start":{"line":126,"column":0},"end":{"line":126,"column":40}},"126":{"start":{"line":127,"column":0},"end":{"line":127,"column":43}},"127":{"start":{"line":128,"column":0},"end":{"line":128,"column":5}},"128":{"start":{"line":129,"column":0},"end":{"line":129,"column":0}},"129":{"start":{"line":130,"column":0},"end":{"line":130,"column":57}},"130":{"start":{"line":131,"column":0},"end":{"line":131,"column":0}},"131":{"start":{"line":132,"column":0},"end":{"line":132,"column":58}},"132":{"start":{"line":133,"column":0},"end":{"line":133,"column":3}},"133":{"start":{"line":134,"column":0},"end":{"line":134,"column":1}},"134":{"start":{"line":135,"column":0},"end":{"line":135,"column":0}},"135":{"start":{"line":136,"column":0},"end":{"line":136,"column":3}},"136":{"start":{"line":137,"column":0},"end":{"line":137,"column":75}},"137":{"start":{"line":138,"column":0},"end":{"line":138,"column":3}},"138":{"start":{"line":139,"column":0},"end":{"line":139,"column":131}},"139":{"start":{"line":140,"column":0},"end":{"line":140,"column":83}},"140":{"start":{"line":141,"column":0},"end":{"line":141,"column":65}},"141":{"start":{"line":142,"column":0},"end":{"line":142,"column":53}},"142":{"start":{"line":143,"column":0},"end":{"line":143,"column":52}},"143":{"start":{"line":144,"column":0},"end":{"line":144,"column":42}},"144":{"start":{"line":145,"column":0},"end":{"line":145,"column":47}},"145":{"start":{"line":146,"column":0},"end":{"line":146,"column":37}},"146":{"start":{"line":147,"column":0},"end":{"line":147,"column":0}},"147":{"start":{"line":148,"column":0},"end":{"line":148,"column":56}},"148":{"start":{"line":149,"column":0},"end":{"line":149,"column":65}},"149":{"start":{"line":150,"column":0},"end":{"line":150,"column":61}},"150":{"start":{"line":151,"column":0},"end":{"line":151,"column":53}},"151":{"start":{"line":152,"column":0},"end":{"line":152,"column":0}},"152":{"start":{"line":153,"column":0},"end":{"line":153,"column":28}},"153":{"start":{"line":154,"column":0},"end":{"line":154,"column":17}},"154":{"start":{"line":155,"column":0},"end":{"line":155,"column":21}},"155":{"start":{"line":156,"column":0},"end":{"line":156,"column":22}},"156":{"start":{"line":157,"column":0},"end":{"line":157,"column":16}},"157":{"start":{"line":158,"column":0},"end":{"line":158,"column":18}},"158":{"start":{"line":159,"column":0},"end":{"line":159,"column":11}},"159":{"start":{"line":160,"column":0},"end":{"line":160,"column":3}},"160":{"start":{"line":161,"column":0},"end":{"line":161,"column":1}}},"s":{"0":1,"1":1,"2":1,"3":1,"4":1,"5":1,"6":1,"7":1,"8":1,"9":1,"10":1,"11":1,"12":1,"13":1,"14":1,"15":1,"16":1,"17":1,"18":1,"19":1,"20":1,"21":1,"22":1,"23":4,"24":4,"25":4,"26":4,"27":4,"28":4,"29":4,"30":4,"31":4,"32":4,"33":1,"34":1,"35":1,"36":1,"37":1,"38":1,"39":5,"40":0,"41":0,"42":5,"43":5,"44":5,"45":5,"46":5,"47":5,"48":5,"49":5,"50":5,"51":5,"52":5,"53":5,"54":5,"55":5,"56":5,"57":1,"58":1,"59":1,"60":1,"61":1,"62":1,"63":4,"64":4,"65":4,"66":4,"67":1,"68":1,"69":3,"70":3,"71":3,"72":1,"73":1,"74":1,"75":1,"76":1,"77":1,"78":1,"79":1,"80":1,"81":1,"82":1,"83":1,"84":10,"85":10,"86":10,"87":10,"88":10,"89":10,"90":10,"91":1,"92":1,"93":1,"94":1,"95":1,"96":5,"97":0,"98":0,"99":5,"100":5,"101":4,"102":4,"103":4,"104":4,"105":4,"106":4,"107":4,"108":5,"109":5,"110":5,"111":1,"112":1,"113":1,"114":1,"115":1,"116":1,"117":1,"118":1,"119":1,"120":1,"121":1,"122":1,"123":4,"124":4,"125":4,"126":0,"127":0,"128":4,"129":4,"130":4,"131":4,"132":4,"133":1,"134":1,"135":1,"136":1,"137":1,"138":1,"139":9,"140":9,"141":9,"142":9,"143":9,"144":9,"145":9,"146":9,"147":9,"148":9,"149":9,"150":9,"151":9,"152":9,"153":9,"154":9,"155":9,"156":9,"157":9,"158":9,"159":9,"160":9},"branchMap":{"0":{"type":"branch","line":23,"loc":{"start":{"line":23,"column":30},"end":{"line":33,"column":3}},"locations":[{"start":{"line":23,"column":30},"end":{"line":33,"column":3}}]},"1":{"type":"branch","line":39,"loc":{"start":{"line":39,"column":16},"end":{"line":57,"column":3}},"locations":[{"start":{"line":39,"column":16},"end":{"line":57,"column":3}}]},"2":{"type":"branch","line":40,"loc":{"start":{"line":40,"column":35},"end":{"line":42,"column":5}},"locations":[{"start":{"line":40,"column":35},"end":{"line":42,"column":5}}]},"3":{"type":"branch","line":63,"loc":{"start":{"line":63,"column":26},"end":{"line":72,"column":3}},"locations":[{"start":{"line":63,"column":26},"end":{"line":72,"column":3}}]},"4":{"type":"branch","line":67,"loc":{"start":{"line":67,"column":16},"end":{"line":69,"column":5}},"locations":[{"start":{"line":67,"column":16},"end":{"line":69,"column":5}}]},"5":{"type":"branch","line":69,"loc":{"start":{"line":69,"column":4},"end":{"line":72,"column":3}},"locations":[{"start":{"line":69,"column":4},"end":{"line":72,"column":3}}]},"6":{"type":"branch","line":84,"loc":{"start":{"line":84,"column":2},"end":{"line":91,"column":3}},"locations":[{"start":{"line":84,"column":2},"end":{"line":91,"column":3}}]},"7":{"type":"branch","line":96,"loc":{"start":{"line":96,"column":2},"end":{"line":111,"column":3}},"locations":[{"start":{"line":96,"column":2},"end":{"line":111,"column":3}}]},"8":{"type":"branch","line":97,"loc":{"start":{"line":97,"column":39},"end":{"line":99,"column":5}},"locations":[{"start":{"line":97,"column":39},"end":{"line":99,"column":5}}]},"9":{"type":"branch","line":101,"loc":{"start":{"line":101,"column":32},"end":{"line":108,"column":5}},"locations":[{"start":{"line":101,"column":32},"end":{"line":108,"column":5}}]},"10":{"type":"branch","line":116,"loc":{"start":{"line":116,"column":2},"end":{"line":118,"column":3}},"locations":[{"start":{"line":116,"column":2},"end":{"line":118,"column":3}}]},"11":{"type":"branch","line":123,"loc":{"start":{"line":123,"column":2},"end":{"line":133,"column":3}},"locations":[{"start":{"line":123,"column":2},"end":{"line":133,"column":3}}]},"12":{"type":"branch","line":126,"loc":{"start":{"line":126,"column":39},"end":{"line":128,"column":5}},"locations":[{"start":{"line":126,"column":39},"end":{"line":128,"column":5}}]},"13":{"type":"branch","line":139,"loc":{"start":{"line":139,"column":31},"end":{"line":161,"column":1}},"locations":[{"start":{"line":139,"column":31},"end":{"line":161,"column":1}}]}},"b":{"0":[4],"1":[5],"2":[0],"3":[4],"4":[1],"5":[3],"6":[10],"7":[5],"8":[0],"9":[4],"10":[1],"11":[4],"12":[0],"13":[9]},"fnMap":{"0":{"name":"createFromProtobuf","decl":{"start":{"line":23,"column":30},"end":{"line":33,"column":3}},"loc":{"start":{"line":23,"column":30},"end":{"line":33,"column":3}},"line":23},"1":{"name":"seal","decl":{"start":{"line":39,"column":16},"end":{"line":57,"column":3}},"loc":{"start":{"line":39,"column":16},"end":{"line":57,"column":3}},"line":39},"2":{"name":"openAndCertify","decl":{"start":{"line":63,"column":26},"end":{"line":72,"column":3}},"loc":{"start":{"line":63,"column":26},"end":{"line":72,"column":3}},"line":63},"3":{"name":"_RecordEnvelope","decl":{"start":{"line":84,"column":2},"end":{"line":91,"column":3}},"loc":{"start":{"line":84,"column":2},"end":{"line":91,"column":3}},"line":84},"4":{"name":"marshal","decl":{"start":{"line":96,"column":2},"end":{"line":111,"column":3}},"loc":{"start":{"line":96,"column":2},"end":{"line":111,"column":3}},"line":96},"5":{"name":"equals","decl":{"start":{"line":116,"column":2},"end":{"line":118,"column":3}},"loc":{"start":{"line":116,"column":2},"end":{"line":118,"column":3}},"line":116},"6":{"name":"validate","decl":{"start":{"line":123,"column":2},"end":{"line":133,"column":3}},"loc":{"start":{"line":123,"column":2},"end":{"line":133,"column":3}},"line":123},"7":{"name":"formatSignaturePayload","decl":{"start":{"line":139,"column":31},"end":{"line":161,"column":1}},"loc":{"start":{"line":139,"column":31},"end":{"line":161,"column":1}},"line":139}},"f":{"0":4,"1":5,"2":4,"3":10,"4":5,"5":1,"6":4,"7":9}},"/Users/alex/Documents/Workspaces/libp2p/js-libp2p/packages/peer-record/src/peer-record/consts.ts":{"path":"/Users/alex/Documents/Workspaces/libp2p/js-libp2p/packages/peer-record/src/peer-record/consts.ts","all":false,"statementMap":{"0":{"start":{"line":1,"column":0},"end":{"line":1,"column":67}},"1":{"start":{"line":2,"column":0},"end":{"line":2,"column":63}},"2":{"start":{"line":3,"column":0},"end":{"line":3,"column":0}},"3":{"start":{"line":4,"column":0},"end":{"line":4,"column":61}},"4":{"start":{"line":5,"column":0},"end":{"line":5,"column":78}},"5":{"start":{"line":6,"column":0},"end":{"line":6,"column":33}},"6":{"start":{"line":7,"column":0},"end":{"line":7,"column":72}}},"s":{"0":1,"1":1,"2":1,"3":1,"4":1,"5":1,"6":1},"branchMap":{},"b":{},"fnMap":{},"f":{}},"/Users/alex/Documents/Workspaces/libp2p/js-libp2p/packages/peer-record/src/peer-record/peer-record.ts":{"path":"/Users/alex/Documents/Workspaces/libp2p/js-libp2p/packages/peer-record/src/peer-record/peer-record.ts","all":false,"statementMap":{"0":{"start":{"line":1,"column":0},"end":{"line":1,"column":34}},"1":{"start":{"line":2,"column":0},"end":{"line":2,"column":31}},"2":{"start":{"line":3,"column":0},"end":{"line":3,"column":52}},"3":{"start":{"line":4,"column":0},"end":{"line":4,"column":78}},"4":{"start":{"line":5,"column":0},"end":{"line":5,"column":58}},"5":{"start":{"line":6,"column":0},"end":{"line":6,"column":0}},"6":{"start":{"line":7,"column":0},"end":{"line":7,"column":71}},"7":{"start":{"line":8,"column":0},"end":{"line":8,"column":44}},"8":{"start":{"line":9,"column":0},"end":{"line":9,"column":52}},"9":{"start":{"line":10,"column":0},"end":{"line":10,"column":0}},"10":{"start":{"line":11,"column":0},"end":{"line":11,"column":29}},"11":{"start":{"line":12,"column":0},"end":{"line":12,"column":20}},"12":{"start":{"line":13,"column":0},"end":{"line":13,"column":13}},"13":{"start":{"line":14,"column":0},"end":{"line":14,"column":37}},"14":{"start":{"line":15,"column":0},"end":{"line":15,"column":1}},"15":{"start":{"line":16,"column":0},"end":{"line":16,"column":0}},"16":{"start":{"line":17,"column":0},"end":{"line":17,"column":29}},"17":{"start":{"line":18,"column":0},"end":{"line":18,"column":32}},"18":{"start":{"line":19,"column":0},"end":{"line":19,"column":25}},"19":{"start":{"line":20,"column":0},"end":{"line":20,"column":3}},"20":{"start":{"line":21,"column":0},"end":{"line":21,"column":0}},"21":{"start":{"line":22,"column":0},"end":{"line":22,"column":32}},"22":{"start":{"line":23,"column":0},"end":{"line":23,"column":34}},"23":{"start":{"line":24,"column":0},"end":{"line":24,"column":0}},"24":{"start":{"line":25,"column":0},"end":{"line":25,"column":52}},"25":{"start":{"line":26,"column":0},"end":{"line":26,"column":27}},"26":{"start":{"line":27,"column":0},"end":{"line":27,"column":62}},"27":{"start":{"line":28,"column":0},"end":{"line":28,"column":47}},"28":{"start":{"line":29,"column":0},"end":{"line":29,"column":20}},"29":{"start":{"line":30,"column":0},"end":{"line":30,"column":11}},"30":{"start":{"line":31,"column":0},"end":{"line":31,"column":0}},"31":{"start":{"line":32,"column":0},"end":{"line":32,"column":72}},"32":{"start":{"line":33,"column":0},"end":{"line":33,"column":24}},"33":{"start":{"line":34,"column":0},"end":{"line":34,"column":34}},"34":{"start":{"line":35,"column":0},"end":{"line":35,"column":11}},"35":{"start":{"line":36,"column":0},"end":{"line":36,"column":0}},"36":{"start":{"line":37,"column":0},"end":{"line":37,"column":47}},"37":{"start":{"line":38,"column":0},"end":{"line":38,"column":22}},"38":{"start":{"line":39,"column":0},"end":{"line":39,"column":11}},"39":{"start":{"line":40,"column":0},"end":{"line":40,"column":32}},"40":{"start":{"line":41,"column":0},"end":{"line":41,"column":28}},"41":{"start":{"line":42,"column":0},"end":{"line":42,"column":40}},"42":{"start":{"line":43,"column":0},"end":{"line":43,"column":11}},"43":{"start":{"line":44,"column":0},"end":{"line":44,"column":0}},"44":{"start":{"line":45,"column":0},"end":{"line":45,"column":71}},"45":{"start":{"line":46,"column":0},"end":{"line":46,"column":0}},"46":{"start":{"line":47,"column":0},"end":{"line":47,"column":36}},"47":{"start":{"line":48,"column":0},"end":{"line":48,"column":39}},"48":{"start":{"line":49,"column":0},"end":{"line":49,"column":0}},"49":{"start":{"line":50,"column":0},"end":{"line":50,"column":32}},"50":{"start":{"line":51,"column":0},"end":{"line":51,"column":21}},"51":{"start":{"line":52,"column":0},"end":{"line":52,"column":46}},"52":{"start":{"line":53,"column":0},"end":{"line":53,"column":21}},"53":{"start":{"line":54,"column":0},"end":{"line":54,"column":22}},"54":{"start":{"line":55,"column":0},"end":{"line":55,"column":40}},"55":{"start":{"line":56,"column":0},"end":{"line":56,"column":21}},"56":{"start":{"line":57,"column":0},"end":{"line":57,"column":13}},"57":{"start":{"line":58,"column":0},"end":{"line":58,"column":11}},"58":{"start":{"line":59,"column":0},"end":{"line":59,"column":0}},"59":{"start":{"line":60,"column":0},"end":{"line":60,"column":20}},"60":{"start":{"line":61,"column":0},"end":{"line":61,"column":10}},"61":{"start":{"line":62,"column":0},"end":{"line":62,"column":7}},"62":{"start":{"line":63,"column":0},"end":{"line":63,"column":0}},"63":{"start":{"line":64,"column":0},"end":{"line":64,"column":19}},"64":{"start":{"line":65,"column":0},"end":{"line":65,"column":5}},"65":{"start":{"line":66,"column":0},"end":{"line":66,"column":0}},"66":{"start":{"line":67,"column":0},"end":{"line":67,"column":70}},"67":{"start":{"line":68,"column":0},"end":{"line":68,"column":52}},"68":{"start":{"line":69,"column":0},"end":{"line":69,"column":5}},"69":{"start":{"line":70,"column":0},"end":{"line":70,"column":0}},"70":{"start":{"line":71,"column":0},"end":{"line":71,"column":78}},"71":{"start":{"line":72,"column":0},"end":{"line":72,"column":52}},"72":{"start":{"line":73,"column":0},"end":{"line":73,"column":5}},"73":{"start":{"line":74,"column":0},"end":{"line":74,"column":3}},"74":{"start":{"line":75,"column":0},"end":{"line":75,"column":0}},"75":{"start":{"line":76,"column":0},"end":{"line":76,"column":31}},"76":{"start":{"line":77,"column":0},"end":{"line":77,"column":0}},"77":{"start":{"line":78,"column":0},"end":{"line":78,"column":49}},"78":{"start":{"line":79,"column":0},"end":{"line":79,"column":25}},"79":{"start":{"line":80,"column":0},"end":{"line":80,"column":59}},"80":{"start":{"line":81,"column":0},"end":{"line":81,"column":45}},"81":{"start":{"line":82,"column":0},"end":{"line":82,"column":18}},"82":{"start":{"line":83,"column":0},"end":{"line":83,"column":9}},"83":{"start":{"line":84,"column":0},"end":{"line":84,"column":0}},"84":{"start":{"line":85,"column":0},"end":{"line":85,"column":64}},"85":{"start":{"line":86,"column":0},"end":{"line":86,"column":22}},"86":{"start":{"line":87,"column":0},"end":{"line":87,"column":29}},"87":{"start":{"line":88,"column":0},"end":{"line":88,"column":9}},"88":{"start":{"line":89,"column":0},"end":{"line":89,"column":0}},"89":{"start":{"line":90,"column":0},"end":{"line":90,"column":50}},"90":{"start":{"line":91,"column":0},"end":{"line":91,"column":22}},"91":{"start":{"line":92,"column":0},"end":{"line":92,"column":27}},"92":{"start":{"line":93,"column":0},"end":{"line":93,"column":9}},"93":{"start":{"line":94,"column":0},"end":{"line":94,"column":0}},"94":{"start":{"line":95,"column":0},"end":{"line":95,"column":36}},"95":{"start":{"line":96,"column":0},"end":{"line":96,"column":46}},"96":{"start":{"line":97,"column":0},"end":{"line":97,"column":24}},"97":{"start":{"line":98,"column":0},"end":{"line":98,"column":59}},"98":{"start":{"line":99,"column":0},"end":{"line":99,"column":11}},"99":{"start":{"line":100,"column":0},"end":{"line":100,"column":9}},"100":{"start":{"line":101,"column":0},"end":{"line":101,"column":0}},"101":{"start":{"line":102,"column":0},"end":{"line":102,"column":45}},"102":{"start":{"line":103,"column":0},"end":{"line":103,"column":20}},"103":{"start":{"line":104,"column":0},"end":{"line":104,"column":9}},"104":{"start":{"line":105,"column":0},"end":{"line":105,"column":30}},"105":{"start":{"line":106,"column":0},"end":{"line":106,"column":26}},"106":{"start":{"line":107,"column":0},"end":{"line":107,"column":36}},"107":{"start":{"line":108,"column":0},"end":{"line":108,"column":18}},"108":{"start":{"line":109,"column":0},"end":{"line":109,"column":23}},"109":{"start":{"line":110,"column":0},"end":{"line":110,"column":9}},"110":{"start":{"line":111,"column":0},"end":{"line":111,"column":0}},"111":{"start":{"line":112,"column":0},"end":{"line":112,"column":69}},"112":{"start":{"line":113,"column":0},"end":{"line":113,"column":0}},"113":{"start":{"line":114,"column":0},"end":{"line":114,"column":34}},"114":{"start":{"line":115,"column":0},"end":{"line":115,"column":37}},"115":{"start":{"line":116,"column":0},"end":{"line":116,"column":0}},"116":{"start":{"line":117,"column":0},"end":{"line":117,"column":30}},"117":{"start":{"line":118,"column":0},"end":{"line":118,"column":19}},"118":{"start":{"line":119,"column":0},"end":{"line":119,"column":41}},"119":{"start":{"line":120,"column":0},"end":{"line":120,"column":19}},"120":{"start":{"line":121,"column":0},"end":{"line":121,"column":19}},"121":{"start":{"line":122,"column":0},"end":{"line":122,"column":39}},"122":{"start":{"line":123,"column":0},"end":{"line":123,"column":19}},"123":{"start":{"line":124,"column":0},"end":{"line":124,"column":19}},"124":{"start":{"line":125,"column":0},"end":{"line":125,"column":96}},"125":{"start":{"line":126,"column":0},"end":{"line":126,"column":19}},"126":{"start":{"line":127,"column":0},"end":{"line":127,"column":20}},"127":{"start":{"line":128,"column":0},"end":{"line":128,"column":38}},"128":{"start":{"line":129,"column":0},"end":{"line":129,"column":19}},"129":{"start":{"line":130,"column":0},"end":{"line":130,"column":11}},"130":{"start":{"line":131,"column":0},"end":{"line":131,"column":9}},"131":{"start":{"line":132,"column":0},"end":{"line":132,"column":0}},"132":{"start":{"line":133,"column":0},"end":{"line":133,"column":18}},"133":{"start":{"line":134,"column":0},"end":{"line":134,"column":8}},"134":{"start":{"line":135,"column":0},"end":{"line":135,"column":5}},"135":{"start":{"line":136,"column":0},"end":{"line":136,"column":0}},"136":{"start":{"line":137,"column":0},"end":{"line":137,"column":17}},"137":{"start":{"line":138,"column":0},"end":{"line":138,"column":3}},"138":{"start":{"line":139,"column":0},"end":{"line":139,"column":0}},"139":{"start":{"line":140,"column":0},"end":{"line":140,"column":67}},"140":{"start":{"line":141,"column":0},"end":{"line":141,"column":49}},"141":{"start":{"line":142,"column":0},"end":{"line":142,"column":3}},"142":{"start":{"line":143,"column":0},"end":{"line":143,"column":0}},"143":{"start":{"line":144,"column":0},"end":{"line":144,"column":75}},"144":{"start":{"line":145,"column":0},"end":{"line":145,"column":49}},"145":{"start":{"line":146,"column":0},"end":{"line":146,"column":3}},"146":{"start":{"line":147,"column":0},"end":{"line":147,"column":1}}},"s":{"0":1,"1":1,"2":1,"3":1,"4":1,"5":1,"6":1,"7":1,"8":1,"9":1,"10":1,"11":1,"12":1,"13":1,"14":1,"15":1,"16":1,"17":1,"18":1,"19":1,"20":1,"21":1,"22":1,"23":1,"24":1,"25":24,"26":1,"27":12,"28":12,"29":12,"30":12,"31":12,"32":12,"33":12,"34":12,"35":12,"36":12,"37":12,"38":12,"39":1,"40":12,"41":12,"42":12,"43":12,"44":12,"45":12,"46":12,"47":12,"48":12,"49":12,"50":12,"51":12,"52":12,"53":12,"54":0,"55":0,"56":12,"57":12,"58":12,"59":12,"60":1,"61":1,"62":24,"63":24,"64":24,"65":1,"66":1,"67":0,"68":0,"69":1,"70":1,"71":0,"72":0,"73":1,"74":1,"75":1,"76":1,"77":1,"78":6,"79":1,"80":3,"81":0,"82":0,"83":3,"84":3,"85":3,"86":3,"87":3,"88":3,"89":3,"90":3,"91":3,"92":3,"93":3,"94":3,"95":3,"96":12,"97":12,"98":12,"99":3,"100":3,"101":3,"102":0,"103":0,"104":1,"105":3,"106":3,"107":3,"108":3,"109":3,"110":3,"111":3,"112":3,"113":3,"114":18,"115":18,"116":18,"117":18,"118":3,"119":3,"120":18,"121":3,"122":3,"123":18,"124":12,"125":12,"126":18,"127":0,"128":0,"129":18,"130":18,"131":3,"132":3,"133":1,"134":1,"135":6,"136":6,"137":6,"138":1,"139":1,"140":3,"141":3,"142":1,"143":1,"144":3,"145":3,"146":1},"branchMap":{"0":{"type":"branch","line":17,"loc":{"start":{"line":17,"column":0},"end":{"line":147,"column":1}},"locations":[{"start":{"line":17,"column":0},"end":{"line":147,"column":1}}]},"1":{"type":"branch","line":22,"loc":{"start":{"line":22,"column":2},"end":{"line":74,"column":3}},"locations":[{"start":{"line":22,"column":2},"end":{"line":74,"column":3}}]},"2":{"type":"branch","line":25,"loc":{"start":{"line":25,"column":25},"end":{"line":65,"column":5}},"locations":[{"start":{"line":25,"column":25},"end":{"line":65,"column":5}}]},"3":{"type":"branch","line":26,"loc":{"start":{"line":26,"column":26},"end":{"line":62,"column":7}},"locations":[{"start":{"line":26,"column":26},"end":{"line":62,"column":7}}]},"4":{"type":"branch","line":27,"loc":{"start":{"line":27,"column":38},"end":{"line":40,"column":11}},"locations":[{"start":{"line":27,"column":38},"end":{"line":40,"column":11}}]},"5":{"type":"branch","line":40,"loc":{"start":{"line":40,"column":11},"end":{"line":61,"column":9}},"locations":[{"start":{"line":40,"column":11},"end":{"line":61,"column":9}}]},"6":{"type":"branch","line":45,"loc":{"start":{"line":45,"column":32},"end":{"line":45,"column":52}},"locations":[{"start":{"line":45,"column":32},"end":{"line":45,"column":52}}]},"7":{"type":"branch","line":54,"loc":{"start":{"line":54,"column":14},"end":{"line":56,"column":21}},"locations":[{"start":{"line":54,"column":14},"end":{"line":56,"column":21}}]},"8":{"type":"branch","line":78,"loc":{"start":{"line":78,"column":23},"end":{"line":138,"column":3}},"locations":[{"start":{"line":78,"column":23},"end":{"line":138,"column":3}}]},"9":{"type":"branch","line":79,"loc":{"start":{"line":79,"column":24},"end":{"line":135,"column":5}},"locations":[{"start":{"line":79,"column":24},"end":{"line":135,"column":5}}]},"10":{"type":"branch","line":80,"loc":{"start":{"line":80,"column":35},"end":{"line":105,"column":9}},"locations":[{"start":{"line":80,"column":35},"end":{"line":105,"column":9}}]},"11":{"type":"branch","line":81,"loc":{"start":{"line":81,"column":44},"end":{"line":83,"column":9}},"locations":[{"start":{"line":81,"column":44},"end":{"line":83,"column":9}}]},"12":{"type":"branch","line":96,"loc":{"start":{"line":96,"column":45},"end":{"line":99,"column":11}},"locations":[{"start":{"line":96,"column":45},"end":{"line":99,"column":11}}]},"13":{"type":"branch","line":102,"loc":{"start":{"line":102,"column":44},"end":{"line":104,"column":9}},"locations":[{"start":{"line":102,"column":44},"end":{"line":104,"column":9}}]},"14":{"type":"branch","line":105,"loc":{"start":{"line":105,"column":9},"end":{"line":134,"column":7}},"locations":[{"start":{"line":105,"column":9},"end":{"line":134,"column":7}}]},"15":{"type":"branch","line":112,"loc":{"start":{"line":112,"column":44},"end":{"line":112,"column":69}},"locations":[{"start":{"line":112,"column":44},"end":{"line":112,"column":69}}]},"16":{"type":"branch","line":114,"loc":{"start":{"line":114,"column":33},"end":{"line":131,"column":9}},"locations":[{"start":{"line":114,"column":33},"end":{"line":131,"column":9}}]},"17":{"type":"branch","line":118,"loc":{"start":{"line":118,"column":12},"end":{"line":120,"column":19}},"locations":[{"start":{"line":118,"column":12},"end":{"line":120,"column":19}}]},"18":{"type":"branch","line":121,"loc":{"start":{"line":121,"column":12},"end":{"line":123,"column":19}},"locations":[{"start":{"line":121,"column":12},"end":{"line":123,"column":19}}]},"19":{"type":"branch","line":124,"loc":{"start":{"line":124,"column":12},"end":{"line":126,"column":19}},"locations":[{"start":{"line":124,"column":12},"end":{"line":126,"column":19}}]},"20":{"type":"branch","line":127,"loc":{"start":{"line":127,"column":12},"end":{"line":129,"column":19}},"locations":[{"start":{"line":127,"column":12},"end":{"line":129,"column":19}}]},"21":{"type":"branch","line":140,"loc":{"start":{"line":140,"column":24},"end":{"line":142,"column":3}},"locations":[{"start":{"line":140,"column":24},"end":{"line":142,"column":3}}]},"22":{"type":"branch","line":144,"loc":{"start":{"line":144,"column":24},"end":{"line":146,"column":3}},"locations":[{"start":{"line":144,"column":24},"end":{"line":146,"column":3}}]}},"b":{"0":[1],"1":[1],"2":[24],"3":[1],"4":[12],"5":[12],"6":[0],"7":[0],"8":[6],"9":[1],"10":[3],"11":[0],"12":[12],"13":[0],"14":[3],"15":[0],"16":[18],"17":[3],"18":[3],"19":[12],"20":[0],"21":[3],"22":[3]},"fnMap":{"0":{"name":"AddressInfo2.codec","decl":{"start":{"line":25,"column":25},"end":{"line":65,"column":5}},"loc":{"start":{"line":25,"column":25},"end":{"line":65,"column":5}},"line":25},"1":{"name":"obj.multiaddr","decl":{"start":{"line":27,"column":38},"end":{"line":40,"column":11}},"loc":{"start":{"line":27,"column":38},"end":{"line":40,"column":11}},"line":27},"2":{"name":"AddressInfo2.encode","decl":{"start":{"line":67,"column":26},"end":{"line":69,"column":5}},"loc":{"start":{"line":67,"column":26},"end":{"line":69,"column":5}},"line":67},"3":{"name":"AddressInfo2.decode","decl":{"start":{"line":71,"column":26},"end":{"line":73,"column":5}},"loc":{"start":{"line":71,"column":26},"end":{"line":73,"column":5}},"line":71},"4":{"name":"PeerRecord3.codec","decl":{"start":{"line":78,"column":23},"end":{"line":138,"column":3}},"loc":{"start":{"line":78,"column":23},"end":{"line":138,"column":3}},"line":78},"5":{"name":"obj.peerId","decl":{"start":{"line":80,"column":35},"end":{"line":105,"column":9}},"loc":{"start":{"line":80,"column":35},"end":{"line":105,"column":9}},"line":80},"6":{"name":"PeerRecord3.encode","decl":{"start":{"line":140,"column":24},"end":{"line":142,"column":3}},"loc":{"start":{"line":140,"column":24},"end":{"line":142,"column":3}},"line":140},"7":{"name":"PeerRecord3.decode","decl":{"start":{"line":144,"column":24},"end":{"line":146,"column":3}},"loc":{"start":{"line":144,"column":24},"end":{"line":146,"column":3}},"line":144}},"f":{"0":24,"1":12,"2":0,"3":0,"4":6,"5":3,"6":3,"7":3}},"/Users/alex/Documents/Workspaces/libp2p/js-libp2p/packages/peer-record/src/peer-record/index.ts":{"path":"/Users/alex/Documents/Workspaces/libp2p/js-libp2p/packages/peer-record/src/peer-record/index.ts","all":false,"statementMap":{"0":{"start":{"line":1,"column":0},"end":{"line":1,"column":49}},"1":{"start":{"line":2,"column":0},"end":{"line":2,"column":56}},"2":{"start":{"line":3,"column":0},"end":{"line":3,"column":51}},"3":{"start":{"line":4,"column":0},"end":{"line":4,"column":8}},"4":{"start":{"line":5,"column":0},"end":{"line":5,"column":30}},"5":{"start":{"line":6,"column":0},"end":{"line":6,"column":35}},"6":{"start":{"line":7,"column":0},"end":{"line":7,"column":20}},"7":{"start":{"line":8,"column":0},"end":{"line":8,"column":57}},"8":{"start":{"line":9,"column":0},"end":{"line":9,"column":47}},"9":{"start":{"line":10,"column":0},"end":{"line":10,"column":56}},"10":{"start":{"line":11,"column":0},"end":{"line":11,"column":52}},"11":{"start":{"line":12,"column":0},"end":{"line":12,"column":0}},"12":{"start":{"line":13,"column":0},"end":{"line":13,"column":33}},"13":{"start":{"line":14,"column":0},"end":{"line":14,"column":16}},"14":{"start":{"line":15,"column":0},"end":{"line":15,"column":0}},"15":{"start":{"line":16,"column":0},"end":{"line":16,"column":5}},"16":{"start":{"line":17,"column":0},"end":{"line":17,"column":38}},"17":{"start":{"line":18,"column":0},"end":{"line":18,"column":5}},"18":{"start":{"line":19,"column":0},"end":{"line":19,"column":26}},"19":{"start":{"line":20,"column":0},"end":{"line":20,"column":0}},"20":{"start":{"line":21,"column":0},"end":{"line":21,"column":5}},"21":{"start":{"line":22,"column":0},"end":{"line":22,"column":88}},"22":{"start":{"line":23,"column":0},"end":{"line":23,"column":5}},"23":{"start":{"line":24,"column":0},"end":{"line":24,"column":20}},"24":{"start":{"line":25,"column":0},"end":{"line":25,"column":1}},"25":{"start":{"line":26,"column":0},"end":{"line":26,"column":0}},"26":{"start":{"line":27,"column":0},"end":{"line":27,"column":3}},"27":{"start":{"line":28,"column":0},"end":{"line":28,"column":83}},"28":{"start":{"line":29,"column":0},"end":{"line":29,"column":53}},"29":{"start":{"line":30,"column":0},"end":{"line":30,"column":3}},"30":{"start":{"line":31,"column":0},"end":{"line":31,"column":25}},"31":{"start":{"line":32,"column":0},"end":{"line":32,"column":5}},"32":{"start":{"line":33,"column":0},"end":{"line":33,"column":35}},"33":{"start":{"line":34,"column":0},"end":{"line":34,"column":5}},"34":{"start":{"line":35,"column":0},"end":{"line":35,"column":81}},"35":{"start":{"line":36,"column":0},"end":{"line":36,"column":43}},"36":{"start":{"line":37,"column":0},"end":{"line":37,"column":53}},"37":{"start":{"line":38,"column":0},"end":{"line":38,"column":86}},"38":{"start":{"line":39,"column":0},"end":{"line":39,"column":36}},"39":{"start":{"line":40,"column":0},"end":{"line":40,"column":0}},"40":{"start":{"line":41,"column":0},"end":{"line":41,"column":60}},"41":{"start":{"line":42,"column":0},"end":{"line":42,"column":3}},"42":{"start":{"line":43,"column":0},"end":{"line":43,"column":0}},"43":{"start":{"line":44,"column":0},"end":{"line":44,"column":45}},"44":{"start":{"line":45,"column":0},"end":{"line":45,"column":50}},"45":{"start":{"line":46,"column":0},"end":{"line":46,"column":0}},"46":{"start":{"line":47,"column":0},"end":{"line":47,"column":23}},"47":{"start":{"line":48,"column":0},"end":{"line":48,"column":32}},"48":{"start":{"line":49,"column":0},"end":{"line":49,"column":26}},"49":{"start":{"line":50,"column":0},"end":{"line":50,"column":35}},"50":{"start":{"line":51,"column":0},"end":{"line":51,"column":33}},"51":{"start":{"line":52,"column":0},"end":{"line":52,"column":32}},"52":{"start":{"line":53,"column":0},"end":{"line":53,"column":0}},"53":{"start":{"line":54,"column":0},"end":{"line":54,"column":38}},"54":{"start":{"line":55,"column":0},"end":{"line":55,"column":50}},"55":{"start":{"line":56,"column":0},"end":{"line":56,"column":0}},"56":{"start":{"line":57,"column":0},"end":{"line":57,"column":24}},"57":{"start":{"line":58,"column":0},"end":{"line":58,"column":38}},"58":{"start":{"line":59,"column":0},"end":{"line":59,"column":52}},"59":{"start":{"line":60,"column":0},"end":{"line":60,"column":3}},"60":{"start":{"line":61,"column":0},"end":{"line":61,"column":0}},"61":{"start":{"line":62,"column":0},"end":{"line":62,"column":5}},"62":{"start":{"line":63,"column":0},"end":{"line":63,"column":47}},"63":{"start":{"line":64,"column":0},"end":{"line":64,"column":5}},"64":{"start":{"line":65,"column":0},"end":{"line":65,"column":26}},"65":{"start":{"line":66,"column":0},"end":{"line":66,"column":33}},"66":{"start":{"line":67,"column":0},"end":{"line":67,"column":40}},"67":{"start":{"line":68,"column":0},"end":{"line":68,"column":38}},"68":{"start":{"line":69,"column":0},"end":{"line":69,"column":36}},"69":{"start":{"line":70,"column":0},"end":{"line":70,"column":48}},"70":{"start":{"line":71,"column":0},"end":{"line":71,"column":28}},"71":{"start":{"line":72,"column":0},"end":{"line":72,"column":11}},"72":{"start":{"line":73,"column":0},"end":{"line":73,"column":8}},"73":{"start":{"line":74,"column":0},"end":{"line":74,"column":5}},"74":{"start":{"line":75,"column":0},"end":{"line":75,"column":0}},"75":{"start":{"line":76,"column":0},"end":{"line":76,"column":25}},"76":{"start":{"line":77,"column":0},"end":{"line":77,"column":3}},"77":{"start":{"line":78,"column":0},"end":{"line":78,"column":0}},"78":{"start":{"line":79,"column":0},"end":{"line":79,"column":5}},"79":{"start":{"line":80,"column":0},"end":{"line":80,"column":53}},"80":{"start":{"line":81,"column":0},"end":{"line":81,"column":5}},"81":{"start":{"line":82,"column":0},"end":{"line":82,"column":36}},"82":{"start":{"line":83,"column":0},"end":{"line":83,"column":41}},"83":{"start":{"line":84,"column":0},"end":{"line":84,"column":18}},"84":{"start":{"line":85,"column":0},"end":{"line":85,"column":5}},"85":{"start":{"line":86,"column":0},"end":{"line":86,"column":0}},"86":{"start":{"line":87,"column":0},"end":{"line":87,"column":22}},"87":{"start":{"line":88,"column":0},"end":{"line":88,"column":44}},"88":{"start":{"line":89,"column":0},"end":{"line":89,"column":18}},"89":{"start":{"line":90,"column":0},"end":{"line":90,"column":5}},"90":{"start":{"line":91,"column":0},"end":{"line":91,"column":0}},"91":{"start":{"line":92,"column":0},"end":{"line":92,"column":25}},"92":{"start":{"line":93,"column":0},"end":{"line":93,"column":45}},"93":{"start":{"line":94,"column":0},"end":{"line":94,"column":18}},"94":{"start":{"line":95,"column":0},"end":{"line":95,"column":5}},"95":{"start":{"line":96,"column":0},"end":{"line":96,"column":0}},"96":{"start":{"line":97,"column":0},"end":{"line":97,"column":26}},"97":{"start":{"line":98,"column":0},"end":{"line":98,"column":58}},"98":{"start":{"line":99,"column":0},"end":{"line":99,"column":18}},"99":{"start":{"line":100,"column":0},"end":{"line":100,"column":5}},"100":{"start":{"line":101,"column":0},"end":{"line":101,"column":0}},"101":{"start":{"line":102,"column":0},"end":{"line":102,"column":15}},"102":{"start":{"line":103,"column":0},"end":{"line":103,"column":3}},"103":{"start":{"line":104,"column":0},"end":{"line":104,"column":1}}},"s":{"0":1,"1":1,"2":1,"3":1,"4":1,"5":1,"6":1,"7":1,"8":1,"9":1,"10":1,"11":1,"12":1,"13":1,"14":1,"15":1,"16":1,"17":1,"18":1,"19":1,"20":1,"21":1,"22":1,"23":1,"24":1,"25":1,"26":1,"27":1,"28":1,"29":1,"30":1,"31":1,"32":1,"33":1,"34":1,"35":3,"36":3,"37":3,"38":3,"39":3,"40":3,"41":3,"42":1,"43":1,"44":1,"45":1,"46":1,"47":1,"48":1,"49":1,"50":1,"51":1,"52":1,"53":1,"54":13,"55":13,"56":13,"57":13,"58":13,"59":13,"60":1,"61":1,"62":1,"63":1,"64":1,"65":3,"66":3,"67":3,"68":3,"69":3,"70":12,"71":12,"72":3,"73":3,"74":3,"75":3,"76":3,"77":1,"78":1,"79":1,"80":1,"81":1,"82":5,"83":0,"84":0,"85":5,"86":5,"87":5,"88":1,"89":1,"90":4,"91":4,"92":5,"93":1,"94":1,"95":3,"96":3,"97":5,"98":1,"99":1,"100":2,"101":2,"102":2,"103":1},"branchMap":{"0":{"type":"branch","line":35,"loc":{"start":{"line":35,"column":30},"end":{"line":42,"column":3}},"locations":[{"start":{"line":35,"column":30},"end":{"line":42,"column":3}}]},"1":{"type":"branch","line":38,"loc":{"start":{"line":38,"column":35},"end":{"line":38,"column":52}},"locations":[{"start":{"line":38,"column":35},"end":{"line":38,"column":52}}]},"2":{"type":"branch","line":38,"loc":{"start":{"line":38,"column":56},"end":{"line":38,"column":85}},"locations":[{"start":{"line":38,"column":56},"end":{"line":38,"column":85}}]},"3":{"type":"branch","line":54,"loc":{"start":{"line":54,"column":2},"end":{"line":60,"column":3}},"locations":[{"start":{"line":54,"column":2},"end":{"line":60,"column":3}}]},"4":{"type":"branch","line":58,"loc":{"start":{"line":58,"column":22},"end":{"line":58,"column":38}},"locations":[{"start":{"line":58,"column":22},"end":{"line":58,"column":38}}]},"5":{"type":"branch","line":59,"loc":{"start":{"line":59,"column":21},"end":{"line":59,"column":52}},"locations":[{"start":{"line":59,"column":21},"end":{"line":59,"column":52}}]},"6":{"type":"branch","line":65,"loc":{"start":{"line":65,"column":2},"end":{"line":77,"column":3}},"locations":[{"start":{"line":65,"column":2},"end":{"line":77,"column":3}}]},"7":{"type":"branch","line":70,"loc":{"start":{"line":70,"column":39},"end":{"line":72,"column":11}},"locations":[{"start":{"line":70,"column":39},"end":{"line":72,"column":11}}]},"8":{"type":"branch","line":82,"loc":{"start":{"line":82,"column":2},"end":{"line":103,"column":3}},"locations":[{"start":{"line":82,"column":2},"end":{"line":103,"column":3}}]},"9":{"type":"branch","line":83,"loc":{"start":{"line":83,"column":40},"end":{"line":85,"column":5}},"locations":[{"start":{"line":83,"column":40},"end":{"line":85,"column":5}}]},"10":{"type":"branch","line":88,"loc":{"start":{"line":88,"column":43},"end":{"line":90,"column":5}},"locations":[{"start":{"line":88,"column":43},"end":{"line":90,"column":5}}]},"11":{"type":"branch","line":90,"loc":{"start":{"line":90,"column":4},"end":{"line":93,"column":44}},"locations":[{"start":{"line":90,"column":4},"end":{"line":93,"column":44}}]},"12":{"type":"branch","line":93,"loc":{"start":{"line":93,"column":44},"end":{"line":95,"column":5}},"locations":[{"start":{"line":93,"column":44},"end":{"line":95,"column":5}}]},"13":{"type":"branch","line":95,"loc":{"start":{"line":95,"column":4},"end":{"line":98,"column":57}},"locations":[{"start":{"line":95,"column":4},"end":{"line":98,"column":57}}]},"14":{"type":"branch","line":98,"loc":{"start":{"line":98,"column":57},"end":{"line":100,"column":5}},"locations":[{"start":{"line":98,"column":57},"end":{"line":100,"column":5}}]},"15":{"type":"branch","line":100,"loc":{"start":{"line":100,"column":4},"end":{"line":103,"column":3}},"locations":[{"start":{"line":100,"column":4},"end":{"line":103,"column":3}}]}},"b":{"0":[3],"1":[0],"2":[12],"3":[13],"4":[5],"5":[5],"6":[3],"7":[12],"8":[5],"9":[0],"10":[1],"11":[4],"12":[1],"13":[3],"14":[1],"15":[2]},"fnMap":{"0":{"name":"createFromProtobuf","decl":{"start":{"line":35,"column":30},"end":{"line":42,"column":3}},"loc":{"start":{"line":35,"column":30},"end":{"line":42,"column":3}},"line":35},"1":{"name":"_PeerRecord","decl":{"start":{"line":54,"column":2},"end":{"line":60,"column":3}},"loc":{"start":{"line":54,"column":2},"end":{"line":60,"column":3}},"line":54},"2":{"name":"marshal","decl":{"start":{"line":65,"column":2},"end":{"line":77,"column":3}},"loc":{"start":{"line":65,"column":2},"end":{"line":77,"column":3}},"line":65},"3":{"name":"equals","decl":{"start":{"line":82,"column":2},"end":{"line":103,"column":3}},"loc":{"start":{"line":82,"column":2},"end":{"line":103,"column":3}},"line":82}},"f":{"0":3,"1":13,"2":3,"3":5}}}